This is pdfTeX, Version 3.14159265-2.6-1.40.20 (TeX Live 2019) (preloaded format=pdflatex 2020.1.17)  29 SEP 2021 10:10
entering extended mode
 restricted \write18 enabled.
 %&-line parsing enabled.
**Lee21MBFPCA.tex
(./Lee21MBFPCA.tex
LaTeX2e <2018-12-01>
(/usr/local/texlive/2019/texmf-dist/tex/latex/beamer/beamer.cls
Document Class: beamer 2018/12/02 v3.55 A class for typesetting presentations
(/usr/local/texlive/2019/texmf-dist/tex/latex/beamer/beamerbasemodes.sty
(/usr/local/texlive/2019/texmf-dist/tex/latex/etoolbox/etoolbox.sty
Package: etoolbox 2018/08/19 v2.5f e-TeX tools for LaTeX (JAW)
\etb@tempcnta=\count80
)
\beamer@tempbox=\box27
\beamer@tempcount=\count81
\c@beamerpauses=\count82

(/usr/local/texlive/2019/texmf-dist/tex/latex/beamer/beamerbasedecode.sty
\beamer@slideinframe=\count83
\beamer@minimum=\count84
)
\beamer@commentbox=\box28
\beamer@modecount=\count85
)
(/usr/local/texlive/2019/texmf-dist/tex/generic/oberdiek/ifpdf.sty
Package: ifpdf 2018/09/07 v3.3 Provides the ifpdf switch
)
\headdp=\dimen102
\footheight=\dimen103
\sidebarheight=\dimen104
\beamer@tempdim=\dimen105
\beamer@finalheight=\dimen106
\beamer@animht=\dimen107
\beamer@animdp=\dimen108
\beamer@animwd=\dimen109
\beamer@leftmargin=\dimen110
\beamer@rightmargin=\dimen111
\beamer@leftsidebar=\dimen112
\beamer@rightsidebar=\dimen113
\beamer@boxsize=\dimen114
\beamer@vboxoffset=\dimen115
\beamer@descdefault=\dimen116
\beamer@descriptionwidth=\dimen117
\beamer@lastskip=\skip41
\beamer@areabox=\box29
\beamer@animcurrent=\box30
\beamer@animshowbox=\box31
\beamer@sectionbox=\box32
\beamer@logobox=\box33
\beamer@linebox=\box34
\beamer@sectioncount=\count86
\beamer@subsubsectionmax=\count87
\beamer@subsectionmax=\count88
\beamer@sectionmax=\count89
\beamer@totalheads=\count90
\beamer@headcounter=\count91
\beamer@partstartpage=\count92
\beamer@sectionstartpage=\count93
\beamer@subsectionstartpage=\count94
\beamer@animationtempa=\count95
\beamer@animationtempb=\count96
\beamer@xpos=\count97
\beamer@ypos=\count98
\beamer@ypos@offset=\count99
\beamer@showpartnumber=\count100
\beamer@currentsubsection=\count101
\beamer@coveringdepth=\count102
\beamer@sectionadjust=\count103
\beamer@tocsectionnumber=\count104

(/usr/local/texlive/2019/texmf-dist/tex/latex/beamer/beamerbaseoptions.sty
(/usr/local/texlive/2019/texmf-dist/tex/latex/graphics/keyval.sty
Package: keyval 2014/10/28 v1.15 key=value parser (DPC)
\KV@toks@=\toks14
))
\beamer@paperwidth=\skip42
\beamer@paperheight=\skip43

(/usr/local/texlive/2019/texmf-dist/tex/latex/geometry/geometry.sty
Package: geometry 2018/04/16 v5.8 Page Geometry

(/usr/local/texlive/2019/texmf-dist/tex/generic/oberdiek/ifvtex.sty
Package: ifvtex 2016/05/16 v1.6 Detect VTeX and its facilities (HO)
Package ifvtex Info: VTeX not detected.
)
(/usr/local/texlive/2019/texmf-dist/tex/generic/ifxetex/ifxetex.sty
Package: ifxetex 2010/09/12 v0.6 Provides ifxetex conditional
)
\Gm@cnth=\count105
\Gm@cntv=\count106
\c@Gm@tempcnt=\count107
\Gm@bindingoffset=\dimen118
\Gm@wd@mp=\dimen119
\Gm@odd@mp=\dimen120
\Gm@even@mp=\dimen121
\Gm@layoutwidth=\dimen122
\Gm@layoutheight=\dimen123
\Gm@layouthoffset=\dimen124
\Gm@layoutvoffset=\dimen125
\Gm@dimlist=\toks15
)
(/usr/local/texlive/2019/texmf-dist/tex/latex/base/size11.clo
File: size11.clo 2018/09/03 v1.4i Standard LaTeX file (size option)
)
(/usr/local/texlive/2019/texmf-dist/tex/latex/pgf/basiclayer/pgfcore.sty
(/usr/local/texlive/2019/texmf-dist/tex/latex/graphics/graphicx.sty
Package: graphicx 2017/06/01 v1.1a Enhanced LaTeX Graphics (DPC,SPQR)

(/usr/local/texlive/2019/texmf-dist/tex/latex/graphics/graphics.sty
Package: graphics 2017/06/25 v1.2c Standard LaTeX Graphics (DPC,SPQR)

(/usr/local/texlive/2019/texmf-dist/tex/latex/graphics/trig.sty
Package: trig 2016/01/03 v1.10 sin cos tan (DPC)
)
(/usr/local/texlive/2019/texmf-dist/tex/latex/graphics-cfg/graphics.cfg
File: graphics.cfg 2016/06/04 v1.11 sample graphics configuration
)
Package graphics Info: Driver file: pdftex.def on input line 99.

(/usr/local/texlive/2019/texmf-dist/tex/latex/graphics-def/pdftex.def
File: pdftex.def 2018/01/08 v1.0l Graphics/color driver for pdftex
))
\Gin@req@height=\dimen126
\Gin@req@width=\dimen127
)
(/usr/local/texlive/2019/texmf-dist/tex/latex/pgf/systemlayer/pgfsys.sty
(/usr/local/texlive/2019/texmf-dist/tex/latex/pgf/utilities/pgfrcs.sty
(/usr/local/texlive/2019/texmf-dist/tex/generic/pgf/utilities/pgfutil-common.te
x
\pgfutil@everybye=\toks16
\pgfutil@tempdima=\dimen128
\pgfutil@tempdimb=\dimen129

(/usr/local/texlive/2019/texmf-dist/tex/generic/pgf/utilities/pgfutil-common-li
sts.tex))
(/usr/local/texlive/2019/texmf-dist/tex/generic/pgf/utilities/pgfutil-latex.def
\pgfutil@abb=\box35
(/usr/local/texlive/2019/texmf-dist/tex/latex/ms/everyshi.sty
Package: everyshi 2001/05/15 v3.00 EveryShipout Package (MS)
))
(/usr/local/texlive/2019/texmf-dist/tex/generic/pgf/utilities/pgfrcs.code.tex
(/usr/local/texlive/2019/texmf-dist/tex/generic/pgf/pgf.revision.tex)
Package: pgfrcs 2019/04/04 v3.1.2 (3.1.2)
))
(/usr/local/texlive/2019/texmf-dist/tex/generic/pgf/systemlayer/pgfsys.code.tex
Package: pgfsys 2019/04/04 v3.1.2 (3.1.2)
(/usr/local/texlive/2019/texmf-dist/tex/generic/pgf/utilities/pgfkeys.code.tex
\pgfkeys@pathtoks=\toks17
\pgfkeys@temptoks=\toks18

(/usr/local/texlive/2019/texmf-dist/tex/generic/pgf/utilities/pgfkeysfiltered.c
ode.tex
\pgfkeys@tmptoks=\toks19
))
\pgf@x=\dimen130
\pgf@y=\dimen131
\pgf@xa=\dimen132
\pgf@ya=\dimen133
\pgf@xb=\dimen134
\pgf@yb=\dimen135
\pgf@xc=\dimen136
\pgf@yc=\dimen137
\w@pgf@writea=\write3
\r@pgf@reada=\read1
\c@pgf@counta=\count108
\c@pgf@countb=\count109
\c@pgf@countc=\count110
\c@pgf@countd=\count111
\t@pgf@toka=\toks20
\t@pgf@tokb=\toks21
\t@pgf@tokc=\toks22
\pgf@sys@id@count=\count112

(/usr/local/texlive/2019/texmf-dist/tex/generic/pgf/systemlayer/pgf.cfg
File: pgf.cfg 2019/04/04 v3.1.2 (3.1.2)
)
Driver file for pgf: pgfsys-pdftex.def

(/usr/local/texlive/2019/texmf-dist/tex/generic/pgf/systemlayer/pgfsys-pdftex.d
ef
File: pgfsys-pdftex.def 2019/04/04 v3.1.2 (3.1.2)

(/usr/local/texlive/2019/texmf-dist/tex/generic/pgf/systemlayer/pgfsys-common-p
df.def
File: pgfsys-common-pdf.def 2019/04/04 v3.1.2 (3.1.2)
)))
(/usr/local/texlive/2019/texmf-dist/tex/generic/pgf/systemlayer/pgfsyssoftpath.
code.tex
File: pgfsyssoftpath.code.tex 2019/04/04 v3.1.2 (3.1.2)
\pgfsyssoftpath@smallbuffer@items=\count113
\pgfsyssoftpath@bigbuffer@items=\count114
)
(/usr/local/texlive/2019/texmf-dist/tex/generic/pgf/systemlayer/pgfsysprotocol.
code.tex
File: pgfsysprotocol.code.tex 2019/04/04 v3.1.2 (3.1.2)
)) (/usr/local/texlive/2019/texmf-dist/tex/latex/xcolor/xcolor.sty
Package: xcolor 2016/05/11 v2.12 LaTeX color extensions (UK)

(/usr/local/texlive/2019/texmf-dist/tex/latex/graphics-cfg/color.cfg
File: color.cfg 2016/01/02 v1.6 sample color configuration
)
Package xcolor Info: Driver file: pdftex.def on input line 225.

(/usr/local/texlive/2019/texmf-dist/tex/latex/colortbl/colortbl.sty
Package: colortbl 2018/12/12 v1.0d Color table columns (DPC)

(/usr/local/texlive/2019/texmf-dist/tex/latex/tools/array.sty
Package: array 2018/12/30 v2.4k Tabular extension package (FMi)
\col@sep=\dimen138
\ar@mcellbox=\box36
\extrarowheight=\dimen139
\NC@list=\toks23
\extratabsurround=\skip44
\backup@length=\skip45
\ar@cellbox=\box37
)
\everycr=\toks24
\minrowclearance=\skip46
)
\rownum=\count115
Package xcolor Info: Model `cmy' substituted by `cmy0' on input line 1348.
Package xcolor Info: Model `hsb' substituted by `rgb' on input line 1352.
Package xcolor Info: Model `RGB' extended on input line 1364.
Package xcolor Info: Model `HTML' substituted by `rgb' on input line 1366.
Package xcolor Info: Model `Hsb' substituted by `hsb' on input line 1367.
Package xcolor Info: Model `tHsb' substituted by `hsb' on input line 1368.
Package xcolor Info: Model `HSB' substituted by `hsb' on input line 1369.
Package xcolor Info: Model `Gray' substituted by `gray' on input line 1370.
Package xcolor Info: Model `wave' substituted by `hsb' on input line 1371.
)
(/usr/local/texlive/2019/texmf-dist/tex/generic/pgf/basiclayer/pgfcore.code.tex
Package: pgfcore 2019/04/04 v3.1.2 (3.1.2)
(/usr/local/texlive/2019/texmf-dist/tex/generic/pgf/math/pgfmath.code.tex
(/usr/local/texlive/2019/texmf-dist/tex/generic/pgf/math/pgfmathcalc.code.tex
(/usr/local/texlive/2019/texmf-dist/tex/generic/pgf/math/pgfmathutil.code.tex)
(/usr/local/texlive/2019/texmf-dist/tex/generic/pgf/math/pgfmathparser.code.tex
\pgfmath@dimen=\dimen140
\pgfmath@count=\count116
\pgfmath@box=\box38
\pgfmath@toks=\toks25
\pgfmath@stack@operand=\toks26
\pgfmath@stack@operation=\toks27
)
(/usr/local/texlive/2019/texmf-dist/tex/generic/pgf/math/pgfmathfunctions.code.
tex
(/usr/local/texlive/2019/texmf-dist/tex/generic/pgf/math/pgfmathfunctions.basic
.code.tex)
(/usr/local/texlive/2019/texmf-dist/tex/generic/pgf/math/pgfmathfunctions.trigo
nometric.code.tex)
(/usr/local/texlive/2019/texmf-dist/tex/generic/pgf/math/pgfmathfunctions.rando
m.code.tex)
(/usr/local/texlive/2019/texmf-dist/tex/generic/pgf/math/pgfmathfunctions.compa
rison.code.tex)
(/usr/local/texlive/2019/texmf-dist/tex/generic/pgf/math/pgfmathfunctions.base.
code.tex)
(/usr/local/texlive/2019/texmf-dist/tex/generic/pgf/math/pgfmathfunctions.round
.code.tex)
(/usr/local/texlive/2019/texmf-dist/tex/generic/pgf/math/pgfmathfunctions.misc.
code.tex)
(/usr/local/texlive/2019/texmf-dist/tex/generic/pgf/math/pgfmathfunctions.integ
erarithmetics.code.tex)))
(/usr/local/texlive/2019/texmf-dist/tex/generic/pgf/math/pgfmathfloat.code.tex
\c@pgfmathroundto@lastzeros=\count117
))
(/usr/local/texlive/2019/texmf-dist/tex/generic/pgf/basiclayer/pgfcorepoints.co
de.tex
File: pgfcorepoints.code.tex 2019/04/04 v3.1.2 (3.1.2)
\pgf@picminx=\dimen141
\pgf@picmaxx=\dimen142
\pgf@picminy=\dimen143
\pgf@picmaxy=\dimen144
\pgf@pathminx=\dimen145
\pgf@pathmaxx=\dimen146
\pgf@pathminy=\dimen147
\pgf@pathmaxy=\dimen148
\pgf@xx=\dimen149
\pgf@xy=\dimen150
\pgf@yx=\dimen151
\pgf@yy=\dimen152
\pgf@zx=\dimen153
\pgf@zy=\dimen154
)
(/usr/local/texlive/2019/texmf-dist/tex/generic/pgf/basiclayer/pgfcorepathconst
ruct.code.tex
File: pgfcorepathconstruct.code.tex 2019/04/04 v3.1.2 (3.1.2)
\pgf@path@lastx=\dimen155
\pgf@path@lasty=\dimen156
)
(/usr/local/texlive/2019/texmf-dist/tex/generic/pgf/basiclayer/pgfcorepathusage
.code.tex
File: pgfcorepathusage.code.tex 2019/04/04 v3.1.2 (3.1.2)
\pgf@shorten@end@additional=\dimen157
\pgf@shorten@start@additional=\dimen158
)
(/usr/local/texlive/2019/texmf-dist/tex/generic/pgf/basiclayer/pgfcorescopes.co
de.tex
File: pgfcorescopes.code.tex 2019/04/04 v3.1.2 (3.1.2)
\pgfpic=\box39
\pgf@hbox=\box40
\pgf@layerbox@main=\box41
\pgf@picture@serial@count=\count118
)
(/usr/local/texlive/2019/texmf-dist/tex/generic/pgf/basiclayer/pgfcoregraphicst
ate.code.tex
File: pgfcoregraphicstate.code.tex 2019/04/04 v3.1.2 (3.1.2)
\pgflinewidth=\dimen159
)
(/usr/local/texlive/2019/texmf-dist/tex/generic/pgf/basiclayer/pgfcoretransform
ations.code.tex
File: pgfcoretransformations.code.tex 2019/04/04 v3.1.2 (3.1.2)
\pgf@pt@x=\dimen160
\pgf@pt@y=\dimen161
\pgf@pt@temp=\dimen162
)
(/usr/local/texlive/2019/texmf-dist/tex/generic/pgf/basiclayer/pgfcorequick.cod
e.tex
File: pgfcorequick.code.tex 2019/04/04 v3.1.2 (3.1.2)
)
(/usr/local/texlive/2019/texmf-dist/tex/generic/pgf/basiclayer/pgfcoreobjects.c
ode.tex
File: pgfcoreobjects.code.tex 2019/04/04 v3.1.2 (3.1.2)
)
(/usr/local/texlive/2019/texmf-dist/tex/generic/pgf/basiclayer/pgfcorepathproce
ssing.code.tex
File: pgfcorepathprocessing.code.tex 2019/04/04 v3.1.2 (3.1.2)
)
(/usr/local/texlive/2019/texmf-dist/tex/generic/pgf/basiclayer/pgfcorearrows.co
de.tex
File: pgfcorearrows.code.tex 2019/04/04 v3.1.2 (3.1.2)
\pgfarrowsep=\dimen163
)
(/usr/local/texlive/2019/texmf-dist/tex/generic/pgf/basiclayer/pgfcoreshade.cod
e.tex
File: pgfcoreshade.code.tex 2019/04/04 v3.1.2 (3.1.2)
\pgf@max=\dimen164
\pgf@sys@shading@range@num=\count119
\pgf@shadingcount=\count120
)
(/usr/local/texlive/2019/texmf-dist/tex/generic/pgf/basiclayer/pgfcoreimage.cod
e.tex
File: pgfcoreimage.code.tex 2019/04/04 v3.1.2 (3.1.2)

(/usr/local/texlive/2019/texmf-dist/tex/generic/pgf/basiclayer/pgfcoreexternal.
code.tex
File: pgfcoreexternal.code.tex 2019/04/04 v3.1.2 (3.1.2)
\pgfexternal@startupbox=\box42
))
(/usr/local/texlive/2019/texmf-dist/tex/generic/pgf/basiclayer/pgfcorelayers.co
de.tex
File: pgfcorelayers.code.tex 2019/04/04 v3.1.2 (3.1.2)
)
(/usr/local/texlive/2019/texmf-dist/tex/generic/pgf/basiclayer/pgfcoretranspare
ncy.code.tex
File: pgfcoretransparency.code.tex 2019/04/04 v3.1.2 (3.1.2)
)
(/usr/local/texlive/2019/texmf-dist/tex/generic/pgf/basiclayer/pgfcorepatterns.
code.tex
File: pgfcorepatterns.code.tex 2019/04/04 v3.1.2 (3.1.2)
)
(/usr/local/texlive/2019/texmf-dist/tex/generic/pgf/basiclayer/pgfcorerdf.code.
tex
File: pgfcorerdf.code.tex 2019/04/04 v3.1.2 (3.1.2)
))) (/usr/local/texlive/2019/texmf-dist/tex/latex/pgf/utilities/xxcolor.sty
Package: xxcolor 2003/10/24 ver 0.1
\XC@nummixins=\count121
\XC@countmixins=\count122
) (/usr/local/texlive/2019/texmf-dist/tex/generic/oberdiek/atbegshi.sty
Package: atbegshi 2016/06/09 v1.18 At begin shipout hook (HO)

(/usr/local/texlive/2019/texmf-dist/tex/generic/oberdiek/infwarerr.sty
Package: infwarerr 2016/05/16 v1.4 Providing info/warning/error messages (HO)
)
(/usr/local/texlive/2019/texmf-dist/tex/generic/oberdiek/ltxcmds.sty
Package: ltxcmds 2016/05/16 v1.23 LaTeX kernel commands for general use (HO)
))
(/usr/local/texlive/2019/texmf-dist/tex/latex/hyperref/hyperref.sty
Package: hyperref 2018/11/30 v6.88e Hypertext links for LaTeX

(/usr/local/texlive/2019/texmf-dist/tex/generic/oberdiek/hobsub-hyperref.sty
Package: hobsub-hyperref 2016/05/16 v1.14 Bundle oberdiek, subset hyperref (HO)


(/usr/local/texlive/2019/texmf-dist/tex/generic/oberdiek/hobsub-generic.sty
Package: hobsub-generic 2016/05/16 v1.14 Bundle oberdiek, subset generic (HO)
Package: hobsub 2016/05/16 v1.14 Construct package bundles (HO)
Package hobsub Info: Skipping package `infwarerr' (already loaded).
Package hobsub Info: Skipping package `ltxcmds' (already loaded).
Package: ifluatex 2016/05/16 v1.4 Provides the ifluatex switch (HO)
Package ifluatex Info: LuaTeX not detected.
Package hobsub Info: Skipping package `ifvtex' (already loaded).
Package: intcalc 2016/05/16 v1.2 Expandable calculations with integers (HO)
Package hobsub Info: Skipping package `ifpdf' (already loaded).
Package: etexcmds 2016/05/16 v1.6 Avoid name clashes with e-TeX commands (HO)
Package: kvsetkeys 2016/05/16 v1.17 Key value parser (HO)
Package: kvdefinekeys 2016/05/16 v1.4 Define keys (HO)
Package: pdftexcmds 2018/09/10 v0.29 Utility functions of pdfTeX for LuaTeX (HO
)
Package pdftexcmds Info: LuaTeX not detected.
Package pdftexcmds Info: \pdf@primitive is available.
Package pdftexcmds Info: \pdf@ifprimitive is available.
Package pdftexcmds Info: \pdfdraftmode found.
Package: pdfescape 2016/05/16 v1.14 Implements pdfTeX's escape features (HO)
Package: bigintcalc 2016/05/16 v1.4 Expandable calculations on big integers (HO
)
Package: bitset 2016/05/16 v1.2 Handle bit-vector datatype (HO)
Package: uniquecounter 2016/05/16 v1.3 Provide unlimited unique counter (HO)
)
Package hobsub Info: Skipping package `hobsub' (already loaded).
Package: letltxmacro 2016/05/16 v1.5 Let assignment for LaTeX macros (HO)
Package: hopatch 2016/05/16 v1.3 Wrapper for package hooks (HO)
Package: xcolor-patch 2016/05/16 xcolor patch
Package: atveryend 2016/05/16 v1.9 Hooks at the very end of document (HO)
Package hobsub Info: Skipping package `atbegshi' (already loaded).
Package: refcount 2016/05/16 v3.5 Data extraction from label references (HO)
Package: hycolor 2016/05/16 v1.8 Color options for hyperref/bookmark (HO)
)
(/usr/local/texlive/2019/texmf-dist/tex/latex/oberdiek/auxhook.sty
Package: auxhook 2016/05/16 v1.4 Hooks for auxiliary files (HO)
)
(/usr/local/texlive/2019/texmf-dist/tex/latex/oberdiek/kvoptions.sty
Package: kvoptions 2016/05/16 v3.12 Key value format for package options (HO)
)
\@linkdim=\dimen165
\Hy@linkcounter=\count123
\Hy@pagecounter=\count124

(/usr/local/texlive/2019/texmf-dist/tex/latex/hyperref/pd1enc.def
File: pd1enc.def 2018/11/30 v6.88e Hyperref: PDFDocEncoding definition (HO)
Now handling font encoding PD1 ...
... no UTF-8 mapping file for font encoding PD1
)
\Hy@SavedSpaceFactor=\count125

(/usr/local/texlive/2019/texmf-dist/tex/latex/latexconfig/hyperref.cfg
File: hyperref.cfg 2002/06/06 v1.2 hyperref configuration of TeXLive
)
Package hyperref Info: Option `bookmarks' set `true' on input line 4393.
Package hyperref Info: Option `bookmarksopen' set `true' on input line 4393.
Package hyperref Info: Option `implicit' set `false' on input line 4393.
Package hyperref Info: Hyper figures OFF on input line 4519.
Package hyperref Info: Link nesting OFF on input line 4524.
Package hyperref Info: Hyper index ON on input line 4527.
Package hyperref Info: Plain pages OFF on input line 4534.
Package hyperref Info: Backreferencing OFF on input line 4539.
Package hyperref Info: Implicit mode OFF; no redefinition of LaTeX internals.
Package hyperref Info: Bookmarks ON on input line 4772.
\c@Hy@tempcnt=\count126

(/usr/local/texlive/2019/texmf-dist/tex/latex/url/url.sty
\Urlmuskip=\muskip10
Package: url 2013/09/16  ver 3.4  Verb mode for urls, etc.
)
LaTeX Info: Redefining \url on input line 5125.
\XeTeXLinkMargin=\dimen166
\Fld@menulength=\count127
\Field@Width=\dimen167
\Fld@charsize=\dimen168
Package hyperref Info: Hyper figures OFF on input line 6380.
Package hyperref Info: Link nesting OFF on input line 6385.
Package hyperref Info: Hyper index ON on input line 6388.
Package hyperref Info: backreferencing OFF on input line 6395.
Package hyperref Info: Link coloring OFF on input line 6400.
Package hyperref Info: Link coloring with OCG OFF on input line 6405.
Package hyperref Info: PDF/A mode OFF on input line 6410.
LaTeX Info: Redefining \ref on input line 6450.
LaTeX Info: Redefining \pageref on input line 6454.
\Hy@abspage=\count128


Package hyperref Message: Stopped early.

)
Package hyperref Info: Driver (autodetected): hpdftex.
 (/usr/local/texlive/2019/texmf-dist/tex/latex/hyperref/hpdftex.def
File: hpdftex.def 2018/11/30 v6.88e Hyperref driver for pdfTeX
\Fld@listcount=\count129
\c@bookmark@seq@number=\count130

(/usr/local/texlive/2019/texmf-dist/tex/latex/oberdiek/rerunfilecheck.sty
Package: rerunfilecheck 2016/05/16 v1.8 Rerun checks for auxiliary files (HO)
Package uniquecounter Info: New unique counter `rerunfilecheck' on input line 2
82.
))
(/usr/local/texlive/2019/texmf-dist/tex/latex/beamer/beamerbaserequires.sty
(/usr/local/texlive/2019/texmf-dist/tex/latex/beamer/beamerbasecompatibility.st
y) (/usr/local/texlive/2019/texmf-dist/tex/latex/beamer/beamerbasefont.sty
(/usr/local/texlive/2019/texmf-dist/tex/latex/amsfonts/amssymb.sty
Package: amssymb 2013/01/14 v3.01 AMS font symbols

(/usr/local/texlive/2019/texmf-dist/tex/latex/amsfonts/amsfonts.sty
Package: amsfonts 2013/01/14 v3.01 Basic AMSFonts support
\@emptytoks=\toks28
\symAMSa=\mathgroup4
\symAMSb=\mathgroup5
LaTeX Font Info:    Overwriting math alphabet `\mathfrak' in version `bold'
(Font)                  U/euf/m/n --> U/euf/b/n on input line 106.
))
(/usr/local/texlive/2019/texmf-dist/tex/latex/sansmathaccent/sansmathaccent.sty
Package: sansmathaccent 2013/03/28
(/usr/local/texlive/2019/texmf-dist/tex/latex/filehook/filehook.sty
Package: filehook 2011/10/12 v0.5d Hooks for input files
)))
(/usr/local/texlive/2019/texmf-dist/tex/latex/beamer/beamerbasetranslator.sty
(/usr/local/texlive/2019/texmf-dist/tex/latex/translator/translator.sty
Package: translator 2018/01/04 v1.12 Easy translation of strings in LaTeX
))
(/usr/local/texlive/2019/texmf-dist/tex/latex/beamer/beamerbasemisc.sty)
(/usr/local/texlive/2019/texmf-dist/tex/latex/beamer/beamerbasetwoscreens.sty)
(/usr/local/texlive/2019/texmf-dist/tex/latex/beamer/beamerbaseoverlay.sty
\beamer@argscount=\count131
\beamer@lastskipcover=\skip47
\beamer@trivlistdepth=\count132
)
(/usr/local/texlive/2019/texmf-dist/tex/latex/beamer/beamerbasetitle.sty)
(/usr/local/texlive/2019/texmf-dist/tex/latex/beamer/beamerbasesection.sty
\c@lecture=\count133
\c@part=\count134
\c@section=\count135
\c@subsection=\count136
\c@subsubsection=\count137
)
(/usr/local/texlive/2019/texmf-dist/tex/latex/beamer/beamerbaseframe.sty
\beamer@framebox=\box43
\beamer@frametitlebox=\box44
\beamer@zoombox=\box45
\beamer@zoomcount=\count138
\beamer@zoomframecount=\count139
\beamer@frametextheight=\dimen169
\c@subsectionslide=\count140
\beamer@frametopskip=\skip48
\beamer@framebottomskip=\skip49
\beamer@frametopskipautobreak=\skip50
\beamer@framebottomskipautobreak=\skip51
\beamer@envbody=\toks29
\framewidth=\dimen170
\c@framenumber=\count141
)
(/usr/local/texlive/2019/texmf-dist/tex/latex/beamer/beamerbaseverbatim.sty
\beamer@verbatimfileout=\write4
)
(/usr/local/texlive/2019/texmf-dist/tex/latex/beamer/beamerbaseframesize.sty
\beamer@splitbox=\box46
\beamer@autobreakcount=\count142
\beamer@autobreaklastheight=\dimen171
\beamer@frametitletoks=\toks30
\beamer@framesubtitletoks=\toks31
)
(/usr/local/texlive/2019/texmf-dist/tex/latex/beamer/beamerbaseframecomponents.
sty
\beamer@footins=\box47
) (/usr/local/texlive/2019/texmf-dist/tex/latex/beamer/beamerbasecolor.sty)
(/usr/local/texlive/2019/texmf-dist/tex/latex/beamer/beamerbasenotes.sty
\beamer@frameboxcopy=\box48
)
(/usr/local/texlive/2019/texmf-dist/tex/latex/beamer/beamerbasetoc.sty)
(/usr/local/texlive/2019/texmf-dist/tex/latex/beamer/beamerbasetemplates.sty
\beamer@sbttoks=\toks32

(/usr/local/texlive/2019/texmf-dist/tex/latex/beamer/beamerbaseauxtemplates.sty
(/usr/local/texlive/2019/texmf-dist/tex/latex/beamer/beamerbaseboxes.sty
\bmb@box=\box49
\bmb@colorbox=\box50
\bmb@boxshadow=\box51
\bmb@boxshadowball=\box52
\bmb@boxshadowballlarge=\box53
\bmb@temp=\dimen172
\bmb@dima=\dimen173
\bmb@dimb=\dimen174
\bmb@prevheight=\dimen175
)
\beamer@blockheadheight=\dimen176
))
(/usr/local/texlive/2019/texmf-dist/tex/latex/beamer/beamerbaselocalstructure.s
ty (/usr/local/texlive/2019/texmf-dist/tex/latex/tools/enumerate.sty
Package: enumerate 2015/07/23 v3.00 enumerate extensions (DPC)
\@enLab=\toks33
)
\c@figure=\count143
\c@table=\count144
\abovecaptionskip=\skip52
\belowcaptionskip=\skip53
)
(/usr/local/texlive/2019/texmf-dist/tex/latex/beamer/beamerbasenavigation.sty
\beamer@section@min@dim=\dimen177
)
(/usr/local/texlive/2019/texmf-dist/tex/latex/beamer/beamerbasetheorems.sty
(/usr/local/texlive/2019/texmf-dist/tex/latex/amsmath/amsmath.sty
Package: amsmath 2018/12/01 v2.17b AMS math features
\@mathmargin=\skip54

For additional information on amsmath, use the `?' option.
(/usr/local/texlive/2019/texmf-dist/tex/latex/amsmath/amstext.sty
Package: amstext 2000/06/29 v2.01 AMS text

(/usr/local/texlive/2019/texmf-dist/tex/latex/amsmath/amsgen.sty
File: amsgen.sty 1999/11/30 v2.0 generic functions
\@emptytoks=\toks34
\ex@=\dimen178
))
(/usr/local/texlive/2019/texmf-dist/tex/latex/amsmath/amsbsy.sty
Package: amsbsy 1999/11/29 v1.2d Bold Symbols
\pmbraise@=\dimen179
)
(/usr/local/texlive/2019/texmf-dist/tex/latex/amsmath/amsopn.sty
Package: amsopn 2016/03/08 v2.02 operator names
)
\inf@bad=\count145
LaTeX Info: Redefining \frac on input line 223.
\uproot@=\count146
\leftroot@=\count147
LaTeX Info: Redefining \overline on input line 385.
\classnum@=\count148
\DOTSCASE@=\count149
LaTeX Info: Redefining \ldots on input line 482.
LaTeX Info: Redefining \dots on input line 485.
LaTeX Info: Redefining \cdots on input line 606.
\Mathstrutbox@=\box54
\strutbox@=\box55
\big@size=\dimen180
LaTeX Font Info:    Redeclaring font encoding OML on input line 729.
LaTeX Font Info:    Redeclaring font encoding OMS on input line 730.
\macc@depth=\count150
\c@MaxMatrixCols=\count151
\dotsspace@=\muskip11
\c@parentequation=\count152
\dspbrk@lvl=\count153
\tag@help=\toks35
\row@=\count154
\column@=\count155
\maxfields@=\count156
\andhelp@=\toks36
\eqnshift@=\dimen181
\alignsep@=\dimen182
\tagshift@=\dimen183
\tagwidth@=\dimen184
\totwidth@=\dimen185
\lineht@=\dimen186
\@envbody=\toks37
\multlinegap=\skip55
\multlinetaggap=\skip56
\mathdisplay@stack=\toks38
LaTeX Info: Redefining \[ on input line 2844.
LaTeX Info: Redefining \] on input line 2845.
)
(/usr/local/texlive/2019/texmf-dist/tex/latex/amscls/amsthm.sty
Package: amsthm 2017/10/31 v2.20.4
\thm@style=\toks39
\thm@bodyfont=\toks40
\thm@headfont=\toks41
\thm@notefont=\toks42
\thm@headpunct=\toks43
\thm@preskip=\skip57
\thm@postskip=\skip58
\thm@headsep=\skip59
\dth@everypar=\toks44
)
\c@theorem=\count157
)
(/usr/local/texlive/2019/texmf-dist/tex/latex/beamer/beamerbasethemes.sty))
(/usr/local/texlive/2019/texmf-dist/tex/latex/beamer/beamerthemedefault.sty
(/usr/local/texlive/2019/texmf-dist/tex/latex/beamer/beamerfontthemedefault.sty
)
(/usr/local/texlive/2019/texmf-dist/tex/latex/beamer/beamercolorthemedefault.st
y)
(/usr/local/texlive/2019/texmf-dist/tex/latex/beamer/beamerinnerthemedefault.st
y
\beamer@dima=\dimen187
\beamer@dimb=\dimen188
)
(/usr/local/texlive/2019/texmf-dist/tex/latex/beamer/beamerouterthemedefault.st
y))) (/usr/local/texlive/2019/texmf-dist/tex/latex/beamer/beamerthemeMadrid.sty
(/usr/local/texlive/2019/texmf-dist/tex/latex/beamer/beamercolorthemewhale.sty)

(/usr/local/texlive/2019/texmf-dist/tex/latex/beamer/beamercolorthemeorchid.sty
)
(/usr/local/texlive/2019/texmf-dist/tex/latex/beamer/beamerinnerthemerounded.st
y)
(/usr/local/texlive/2019/texmf-dist/tex/latex/beamer/beamerouterthemeinfolines.
sty)) (/usr/local/texlive/2019/texmf-dist/tex/latex/base/inputenc.sty
Package: inputenc 2018/08/11 v1.3c Input encoding file
\inpenc@prehook=\toks45
\inpenc@posthook=\toks46
)
(/usr/local/texlive/2019/texmf-dist/tex/latex/caption/caption.sty
Package: caption 2018/10/06 v3.3-154 Customizing captions (AR)

(/usr/local/texlive/2019/texmf-dist/tex/latex/caption/caption3.sty
Package: caption3 2018/09/12 v1.8c caption3 kernel (AR)
Package caption3 Info: TeX engine: e-TeX on input line 64.
\captionmargin=\dimen189
\captionmargin@=\dimen190
\captionwidth=\dimen191
\caption@tempdima=\dimen192
\caption@indent=\dimen193
\caption@parindent=\dimen194
\caption@hangindent=\dimen195
)
\c@caption@flags=\count158
\c@ContinuedFloat=\count159
Package caption Info: beamer document class.
Package caption Info: hyperref package is loaded.
Package caption Info: Hyperref support is turned off
(caption)             because hyperref has stopped early.
)
(/usr/local/texlive/2019/texmf-dist/tex/latex/mathtools/mathtools.sty
Package: mathtools 2018/01/08 v1.21 mathematical typesetting tools

(/usr/local/texlive/2019/texmf-dist/tex/latex/tools/calc.sty
Package: calc 2017/05/25 v4.3 Infix arithmetic (KKT,FJ)
\calc@Acount=\count160
\calc@Bcount=\count161
\calc@Adimen=\dimen196
\calc@Bdimen=\dimen197
\calc@Askip=\skip60
\calc@Bskip=\skip61
LaTeX Info: Redefining \setlength on input line 80.
LaTeX Info: Redefining \addtolength on input line 81.
\calc@Ccount=\count162
\calc@Cskip=\skip62
)
(/usr/local/texlive/2019/texmf-dist/tex/latex/mathtools/mhsetup.sty
Package: mhsetup 2017/03/31 v1.3 programming setup (MH)
)
LaTeX Info: Thecontrolsequence`\('isalreadyrobust on input line 129.
LaTeX Info: Thecontrolsequence`\)'isalreadyrobust on input line 129.
LaTeX Info: Thecontrolsequence`\['isalreadyrobust on input line 129.
LaTeX Info: Thecontrolsequence`\]'isalreadyrobust on input line 129.
\g_MT_multlinerow_int=\count163
\l_MT_multwidth_dim=\dimen198
\origjot=\skip63
\l_MT_shortvdotswithinadjustabove_dim=\dimen199
\l_MT_shortvdotswithinadjustbelow_dim=\dimen256
\l_MT_above_intertext_sep=\dimen257
\l_MT_below_intertext_sep=\dimen258
\l_MT_above_shortintertext_sep=\dimen259
\l_MT_below_shortintertext_sep=\dimen260
)
(/usr/local/texlive/2019/texmf-dist/tex/latex/jknapltx/mathrsfs.sty
Package: mathrsfs 1996/01/01 Math RSFS package v1.0 (jk)
\symrsfs=\mathgroup6
)
(/usr/local/texlive/2019/texmf-dist/tex/latex/tools/tabularx.sty
Package: tabularx 2016/02/03 v2.11b `tabularx' package (DPC)
\TX@col@width=\dimen261
\TX@old@table=\dimen262
\TX@old@col=\dimen263
\TX@target=\dimen264
\TX@delta=\dimen265
\TX@cols=\count164
\TX@ftn=\toks47
)
(/usr/local/texlive/2019/texmf-dist/tex/latex/booktabs/booktabs.sty
Package: booktabs 2016/04/27 v1.618033 publication quality tables
\heavyrulewidth=\dimen266
\lightrulewidth=\dimen267
\cmidrulewidth=\dimen268
\belowrulesep=\dimen269
\belowbottomsep=\dimen270
\aboverulesep=\dimen271
\abovetopsep=\dimen272
\cmidrulesep=\dimen273
\cmidrulekern=\dimen274
\defaultaddspace=\dimen275
\@cmidla=\count165
\@cmidlb=\count166
\@aboverulesep=\dimen276
\@belowrulesep=\dimen277
\@thisruleclass=\count167
\@lastruleclass=\count168
\@thisrulewidth=\dimen278
)
(/usr/local/texlive/2019/texmf-dist/tex/latex/ms/ragged2e.sty
Package: ragged2e 2009/05/21 v2.1 ragged2e Package (MS)

(/usr/local/texlive/2019/texmf-dist/tex/latex/ms/everysel.sty
Package: everysel 2011/10/28 v1.2 EverySelectfont Package (MS)
)
\CenteringLeftskip=\skip64
\RaggedLeftLeftskip=\skip65
\RaggedRightLeftskip=\skip66
\CenteringRightskip=\skip67
\RaggedLeftRightskip=\skip68
\RaggedRightRightskip=\skip69
\CenteringParfillskip=\skip70
\RaggedLeftParfillskip=\skip71
\RaggedRightParfillskip=\skip72
\JustifyingParfillskip=\skip73
\CenteringParindent=\skip74
\RaggedLeftParindent=\skip75
\RaggedRightParindent=\skip76
\JustifyingParindent=\skip77
)
(/usr/local/texlive/2019/texmf-dist/tex/latex/makecell/makecell.sty
Package: makecell 2009/08/03 V0.1e Managing of Tab Column Heads and Cells
\rotheadsize=\dimen279
\c@nlinenum=\count169
\TeXr@lab=\toks48
)
(/usr/local/texlive/2019/texmf-dist/tex/latex/pgf/frontendlayer/tikz.sty
(/usr/local/texlive/2019/texmf-dist/tex/latex/pgf/basiclayer/pgf.sty
Package: pgf 2019/04/04 v3.1.2 (3.1.2)

(/usr/local/texlive/2019/texmf-dist/tex/generic/pgf/modules/pgfmoduleshapes.cod
e.tex
File: pgfmoduleshapes.code.tex 2019/04/04 v3.1.2 (3.1.2)
\pgfnodeparttextbox=\box56
)
(/usr/local/texlive/2019/texmf-dist/tex/generic/pgf/modules/pgfmoduleplot.code.
tex
File: pgfmoduleplot.code.tex 2019/04/04 v3.1.2 (3.1.2)
)
(/usr/local/texlive/2019/texmf-dist/tex/latex/pgf/compatibility/pgfcomp-version
-0-65.sty
Package: pgfcomp-version-0-65 2019/04/04 v3.1.2 (3.1.2)
\pgf@nodesepstart=\dimen280
\pgf@nodesepend=\dimen281
)
(/usr/local/texlive/2019/texmf-dist/tex/latex/pgf/compatibility/pgfcomp-version
-1-18.sty
Package: pgfcomp-version-1-18 2019/04/04 v3.1.2 (3.1.2)
))
(/usr/local/texlive/2019/texmf-dist/tex/latex/pgf/utilities/pgffor.sty
(/usr/local/texlive/2019/texmf-dist/tex/latex/pgf/utilities/pgfkeys.sty
(/usr/local/texlive/2019/texmf-dist/tex/generic/pgf/utilities/pgfkeys.code.tex)
) (/usr/local/texlive/2019/texmf-dist/tex/latex/pgf/math/pgfmath.sty
(/usr/local/texlive/2019/texmf-dist/tex/generic/pgf/math/pgfmath.code.tex))
(/usr/local/texlive/2019/texmf-dist/tex/generic/pgf/utilities/pgffor.code.tex
Package: pgffor 2019/04/04 v3.1.2 (3.1.2)

(/usr/local/texlive/2019/texmf-dist/tex/generic/pgf/math/pgfmath.code.tex)
\pgffor@iter=\dimen282
\pgffor@skip=\dimen283
\pgffor@stack=\toks49
\pgffor@toks=\toks50
))
(/usr/local/texlive/2019/texmf-dist/tex/generic/pgf/frontendlayer/tikz/tikz.cod
e.tex
Package: tikz 2019/04/04 v3.1.2 (3.1.2)

(/usr/local/texlive/2019/texmf-dist/tex/generic/pgf/libraries/pgflibraryplothan
dlers.code.tex
File: pgflibraryplothandlers.code.tex 2019/04/04 v3.1.2 (3.1.2)
\pgf@plot@mark@count=\count170
\pgfplotmarksize=\dimen284
)
\tikz@lastx=\dimen285
\tikz@lasty=\dimen286
\tikz@lastxsaved=\dimen287
\tikz@lastysaved=\dimen288
\tikzleveldistance=\dimen289
\tikzsiblingdistance=\dimen290
\tikz@figbox=\box57
\tikz@figbox@bg=\box58
\tikz@tempbox=\box59
\tikz@tempbox@bg=\box60
\tikztreelevel=\count171
\tikznumberofchildren=\count172
\tikznumberofcurrentchild=\count173
\tikz@fig@count=\count174

(/usr/local/texlive/2019/texmf-dist/tex/generic/pgf/modules/pgfmodulematrix.cod
e.tex
File: pgfmodulematrix.code.tex 2019/04/04 v3.1.2 (3.1.2)
\pgfmatrixcurrentrow=\count175
\pgfmatrixcurrentcolumn=\count176
\pgf@matrix@numberofcolumns=\count177
)
\tikz@expandcount=\count178

(/usr/local/texlive/2019/texmf-dist/tex/generic/pgf/frontendlayer/tikz/librarie
s/tikzlibrarytopaths.code.tex
File: tikzlibrarytopaths.code.tex 2019/04/04 v3.1.2 (3.1.2)
)))
(/usr/local/texlive/2019/texmf-dist/tex/latex/textpos/textpos.sty
Package: textpos 2019/04/15 v1.9.1

Package: textpos 2019/04/15 1.9.1, absolute positioning of text on the page
\TP@textbox=\box61
\TPHorizModule=\dimen291
\TPVertModule=\dimen292
\TP@margin=\dimen293
\TP@absmargin=\dimen294
Grid set 16 x 16 = 22.7622pt x 17.07166pt
\TPboxrulesize=\dimen295
\TP@tbargs=\toks51
\TP@prevdepth=\dimen296
) (/usr/local/texlive/2019/texmf-dist/tex/latex/microtype/microtype.sty
Package: microtype 2019/02/28 v2.7b Micro-typographical refinements (RS)
\MT@toks=\toks52
\MT@count=\count179
LaTeX Info: Redefining \textls on input line 790.
\MT@outer@kern=\dimen297
LaTeX Info: Redefining \textmicrotypecontext on input line 1336.
\MT@listname@count=\count180

(/usr/local/texlive/2019/texmf-dist/tex/latex/microtype/microtype-pdftex.def
File: microtype-pdftex.def 2019/02/28 v2.7b Definitions specific to pdftex (RS)

LaTeX Info: Redefining \lsstyle on input line 914.
LaTeX Info: Redefining \lslig on input line 914.
\MT@outer@space=\skip78
)
Package microtype Info: Loading configuration file microtype.cfg.

(/usr/local/texlive/2019/texmf-dist/tex/latex/microtype/microtype.cfg
File: microtype.cfg 2019/02/28 v2.7b microtype main configuration file (RS)
))
(/usr/local/texlive/2019/texmf-dist/tex/latex/caption/subcaption.sty
Package: subcaption 2018/05/01 v1.1-162 Sub-captions (AR)
\c@subfigure=\count181
\c@subtable=\count182
)
(/usr/local/texlive/2019/texmf-dist/tex/latex/csquotes/csquotes.sty
Package: csquotes 2018/04/13 v5.2d context-sensitive quotations (JAW)
\csq@reset=\count183
\csq@gtype=\count184
\csq@glevel=\count185
\csq@qlevel=\count186
\csq@maxlvl=\count187
\csq@tshold=\count188
\csq@ltx@everypar=\toks53

(/usr/local/texlive/2019/texmf-dist/tex/latex/csquotes/csquotes.def
File: csquotes.def 2018/04/13 v5.2d csquotes generic definitions (JAW)
)
Package csquotes Info: Trying to load configuration file 'csquotes.cfg'...
Package csquotes Info: ... configuration file loaded successfully.

(/usr/local/texlive/2019/texmf-dist/tex/latex/csquotes/csquotes.cfg
File: csquotes.cfg 
))
(/usr/local/texlive/2019/texmf-dist/tex/latex/cjk-ko/kotex.sty
Package: kotex 2015/04/19 v1.6 Korean TeX (ko.TeX)

(/usr/local/texlive/2019/texmf-dist/tex/latex/kotex-utf/kotex.cfg)
(/usr/local/texlive/2019/texmf-dist/tex/latex/kotex-utf/kotexutf.sty
Package: kotexutf 2015/07/18 v2.1.1 typesetting UTF-8 Korean documents

(/usr/local/texlive/2019/texmf-dist/tex/plain/kotex-plain/kotexutf-core.tex
\unih@ngulpoint=\count189
\dhucs@emph@raise=\dimen298
)
Now handling font encoding LUC ...
... processing UTF-8 mapping file for font encoding LUC

(/usr/local/texlive/2019/texmf-dist/tex/latex/kotex-utf/lucenc.dfu
File: lucenc.dfu 2007/09/05 UTF-8 support for dhucs
   defining Unicode char U+00B7 (decimal 183)
   defining Unicode char U+2018 (decimal 8216)
   defining Unicode char U+2019 (decimal 8217)
   defining Unicode char U+201C (decimal 8220)
   defining Unicode char U+201D (decimal 8221)
   defining Unicode char U+3001 (decimal 12289)
   defining Unicode char U+3002 (decimal 12290)
   defining Unicode char U+3008 (decimal 12296)
   defining Unicode char U+3009 (decimal 12297)
   defining Unicode char U+300A (decimal 12298)
   defining Unicode char U+300B (decimal 12299)
   defining Unicode char U+300C (decimal 12300)
   defining Unicode char U+300D (decimal 12301)
   defining Unicode char U+300E (decimal 12302)
   defining Unicode char U+300F (decimal 12303)
   defining Unicode char U+3010 (decimal 12304)
   defining Unicode char U+3011 (decimal 12305)
   defining Unicode char U+3014 (decimal 12308)
   defining Unicode char U+3015 (decimal 12309)
   defining Unicode char U+3016 (decimal 12310)
   defining Unicode char U+3017 (decimal 12311)
   defining Unicode char U+3018 (decimal 12312)
   defining Unicode char U+3019 (decimal 12313)
   defining Unicode char U+301A (decimal 12314)
   defining Unicode char U+301B (decimal 12315)
   defining Unicode char U+FF01 (decimal 65281)
   defining Unicode char U+FF08 (decimal 65288)
   defining Unicode char U+FF09 (decimal 65289)
   defining Unicode char U+FF0C (decimal 65292)
   defining Unicode char U+FF0E (decimal 65294)
   defining Unicode char U+FF1A (decimal 65306)
   defining Unicode char U+FF1B (decimal 65307)
   defining Unicode char U+FF1C (decimal 65308)
   defining Unicode char U+FF1D (decimal 65309)
   defining Unicode char U+FF1E (decimal 65310)
   defining Unicode char U+FF1F (decimal 65311)
   defining Unicode char U+FF3B (decimal 65339)
   defining Unicode char U+FF3D (decimal 65341)
   defining Unicode char U+FF5B (decimal 65371)
   defining Unicode char U+FF5D (decimal 65373)
   defining Unicode char U+FF61 (decimal 65377)
   defining Unicode char U+FF62 (decimal 65378)
   defining Unicode char U+FF63 (decimal 65379)
   defining Unicode char U+FF64 (decimal 65380)
   defining Unicode char U+FF65 (decimal 65381)
)
\@josa=\count190
\josatoks=\toks54

(/usr/local/texlive/2019/texmf-dist/tex/latex/cjk-ko/kolabels-utf.sty
Package: kolabels-utf 2015/03/20 v1.5 UTF-8 Hangul item labels
)))
(/usr/local/texlive/2019/texmf-dist/tex/generic/systeme/systeme.sty
(/usr/local/texlive/2019/texmf-dist/tex/generic/xstring/xstring.sty
(/usr/local/texlive/2019/texmf-dist/tex/generic/xstring/xstring.tex
\integerpart=\count191
\decimalpart=\count192
)
Package: xstring 2019/02/06 v1.83 String manipulations (CT)
)
(/usr/local/texlive/2019/texmf-dist/tex/generic/systeme/systeme.tex
\SYS_systemecode=\toks55
\SYS_systempreamble=\toks56
\SYSeqnum=\count193
)
Package: systeme 2019/01/13 v0.32 Mise en forme de systemes d'equations (CT)
)
\sympureletters=\mathgroup7
LaTeX Font Info:    Overwriting symbol font `pureletters' in version `bold'
(Font)                  OT1/mathkerncmss/m/sl --> OT1/mathkerncmss/bx/sl on inp
ut line 27.

(/usr/local/texlive/2019/texmf-dist/tex/latex/tools/bm.sty
Package: bm 2017/01/16 v1.2c Bold Symbol Support (DPC/FMi)
\symboldoperators=\mathgroup8
\symboldletters=\mathgroup9
\symboldsymbols=\mathgroup10
\symboldpureletters=\mathgroup11
LaTeX Font Info:    Redeclaring math alphabet \mathbf on input line 141.
LaTeX Info: Redefining \bm on input line 207.
)
(/usr/local/texlive/2019/texmf-dist/tex/latex/bbm-macros/bbm.sty
Package: bbm 1999/03/15 V 1.2 provides fonts for set symbols - TH
LaTeX Font Info:    Overwriting math alphabet `\mathbbm' in version `bold'
(Font)                  U/bbm/m/n --> U/bbm/bx/n on input line 33.
LaTeX Font Info:    Overwriting math alphabet `\mathbbmss' in version `bold'
(Font)                  U/bbmss/m/n --> U/bbmss/bx/n on input line 35.
)
(/usr/local/texlive/2019/texmf-dist/tex/latex/physics/physics.sty
Package: physics 

(/usr/local/texlive/2019/texmf-dist/tex/latex/l3packages/xparse/xparse.sty
(/usr/local/texlive/2019/texmf-dist/tex/latex/l3kernel/expl3.sty
Package: expl3 2019-05-07 L3 programming layer (loader) 

(/usr/local/texlive/2019/texmf-dist/tex/latex/l3kernel/expl3-code.tex
Package: expl3 2019-05-07 L3 programming layer (code)
\c_max_int=\count194
\l_tmpa_int=\count195
\l_tmpb_int=\count196
\g_tmpa_int=\count197
\g_tmpb_int=\count198
\g__kernel_prg_map_int=\count199
\c__ior_term_ior=\count266
\c_log_iow=\count267
\l_iow_line_count_int=\count268
\l__iow_line_target_int=\count269
\l__iow_one_indent_int=\count270
\l__iow_indent_int=\count271
\c_zero_dim=\dimen299
\c_max_dim=\dimen300
\l_tmpa_dim=\dimen301
\l_tmpb_dim=\dimen302
\g_tmpa_dim=\dimen303
\g_tmpb_dim=\dimen304
\c_zero_skip=\skip79
\c_max_skip=\skip80
\l_tmpa_skip=\skip81
\l_tmpb_skip=\skip82
\g_tmpa_skip=\skip83
\g_tmpb_skip=\skip84
\c_zero_muskip=\muskip12
\c_max_muskip=\muskip13
\l_tmpa_muskip=\muskip14
\l_tmpb_muskip=\muskip15
\g_tmpa_muskip=\muskip16
\g_tmpb_muskip=\muskip17
\l_keys_choice_int=\count272
\l__intarray_loop_int=\count273
\c__intarray_sp_dim=\dimen305
\g__intarray_font_int=\count274
\c__fp_leading_shift_int=\count275
\c__fp_middle_shift_int=\count276
\c__fp_trailing_shift_int=\count277
\c__fp_big_leading_shift_int=\count278
\c__fp_big_middle_shift_int=\count279
\c__fp_big_trailing_shift_int=\count280
\c__fp_Bigg_leading_shift_int=\count281
\c__fp_Bigg_middle_shift_int=\count282
\c__fp_Bigg_trailing_shift_int=\count283
\c__kernel_randint_max_int=\count284
\g__fp_array_int=\count285
\l__fp_array_loop_int=\count286
\l__sort_length_int=\count287
\l__sort_min_int=\count288
\l__sort_top_int=\count289
\l__sort_max_int=\count290
\l__sort_true_max_int=\count291
\l__sort_block_int=\count292
\l__sort_begin_int=\count293
\l__sort_end_int=\count294
\l__sort_A_int=\count295
\l__sort_B_int=\count296
\l__sort_C_int=\count297
\l__tl_analysis_normal_int=\count298
\l__tl_analysis_index_int=\count299
\l__tl_analysis_nesting_int=\count300
\l__tl_analysis_type_int=\count301
\l__regex_internal_a_int=\count302
\l__regex_internal_b_int=\count303
\l__regex_internal_c_int=\count304
\l__regex_balance_int=\count305
\l__regex_group_level_int=\count306
\l__regex_mode_int=\count307
\c__regex_cs_in_class_mode_int=\count308
\c__regex_cs_mode_int=\count309
\l__regex_catcodes_int=\count310
\l__regex_default_catcodes_int=\count311
\c__regex_catcode_D_int=\count312
\c__regex_catcode_S_int=\count313
\c__regex_catcode_L_int=\count314
\c__regex_catcode_O_int=\count315
\c__regex_catcode_A_int=\count316
\c__regex_all_catcodes_int=\count317
\l__regex_show_lines_int=\count318
\l__regex_min_state_int=\count319
\l__regex_max_state_int=\count320
\l__regex_left_state_int=\count321
\l__regex_right_state_int=\count322
\l__regex_capturing_group_int=\count323
\l__regex_min_pos_int=\count324
\l__regex_max_pos_int=\count325
\l__regex_curr_pos_int=\count326
\l__regex_start_pos_int=\count327
\l__regex_success_pos_int=\count328
\l__regex_curr_char_int=\count329
\l__regex_curr_catcode_int=\count330
\l__regex_last_char_int=\count331
\l__regex_case_changed_char_int=\count332
\l__regex_curr_state_int=\count333
\l__regex_step_int=\count334
\l__regex_min_active_int=\count335
\l__regex_max_active_int=\count336
\l__regex_replacement_csnames_int=\count337
\l__regex_match_count_int=\count338
\l__regex_min_submatch_int=\count339
\l__regex_submatch_int=\count340
\l__regex_zeroth_submatch_int=\count341
\g__regex_trace_regex_int=\count342
\c_empty_box=\box62
\l_tmpa_box=\box63
\l_tmpb_box=\box64
\g_tmpa_box=\box65
\g_tmpb_box=\box66
\l__box_top_dim=\dimen306
\l__box_bottom_dim=\dimen307
\l__box_left_dim=\dimen308
\l__box_right_dim=\dimen309
\l__box_top_new_dim=\dimen310
\l__box_bottom_new_dim=\dimen311
\l__box_left_new_dim=\dimen312
\l__box_right_new_dim=\dimen313
\l__box_internal_box=\box67
\l__coffin_internal_box=\box68
\l__coffin_internal_dim=\dimen314
\l__coffin_offset_x_dim=\dimen315
\l__coffin_offset_y_dim=\dimen316
\l__coffin_x_dim=\dimen317
\l__coffin_y_dim=\dimen318
\l__coffin_x_prime_dim=\dimen319
\l__coffin_y_prime_dim=\dimen320
\c_empty_coffin=\box69
\l__coffin_aligned_coffin=\box70
\l__coffin_aligned_internal_coffin=\box71
\l_tmpa_coffin=\box72
\l_tmpb_coffin=\box73
\g_tmpa_coffin=\box74
\g_tmpb_coffin=\box75
\l__coffin_bounding_shift_dim=\dimen321
\l__coffin_left_corner_dim=\dimen322
\l__coffin_right_corner_dim=\dimen323
\l__coffin_bottom_corner_dim=\dimen324
\l__coffin_top_corner_dim=\dimen325
\l__coffin_scaled_total_height_dim=\dimen326
\l__coffin_scaled_width_dim=\dimen327
\c__coffin_empty_coffin=\box76
\l__coffin_display_coffin=\box77
\l__coffin_display_coord_coffin=\box78
\l__coffin_display_pole_coffin=\box79
\l__coffin_display_offset_dim=\dimen328
\l__coffin_display_x_dim=\dimen329
\l__coffin_display_y_dim=\dimen330
\g__file_internal_ior=\read2
\l__seq_internal_a_int=\count343
\l__seq_internal_b_int=\count344
\c__deprecation_minus_one=\count345
)
(/usr/local/texlive/2019/texmf-dist/tex/latex/l3kernel/l3pdfmode.def
File: l3pdfmode.def 2019-04-06 v L3 Experimental driver: PDF mode
\l__driver_color_stack_int=\count346
\l__driver_pdf_tmp_box=\box80
))
Package: xparse 2019-05-03 L3 Experimental document command parser
\l__xparse_current_arg_int=\count347
\g__xparse_grabber_int=\count348
\l__xparse_m_args_int=\count349
\l__xparse_v_nesting_int=\count350
))
(/usr/local/texlive/2019/texmf-dist/tex/latex/algorithm2e/algorithm2e.sty
Package: algorithm2e 2017/07/18 v5.2 algorithms environments
\c@AlgoLine=\count351

(/usr/local/texlive/2019/texmf-dist/tex/latex/base/ifthen.sty
Package: ifthen 2014/09/29 v1.1c Standard LaTeX ifthen package (DPC)
)
\algocf@hangindent=\skip85

(/usr/local/texlive/2019/texmf-dist/tex/latex/ifoddpage/ifoddpage.sty
Package: ifoddpage 2016/04/23 v1.1 Conditionals for odd/even page detection
\c@checkoddpage=\count352
)
(/usr/local/texlive/2019/texmf-dist/tex/latex/tools/xspace.sty
Package: xspace 2014/10/28 v1.13 Space after command names (DPC,MH)
)
(/usr/local/texlive/2019/texmf-dist/tex/latex/relsize/relsize.sty
Package: relsize 2013/03/29 ver 4.1
)
\skiptotal=\skip86
\skiplinenumber=\skip87
\skiprule=\skip88
\skiphlne=\skip89
\skiptext=\skip90
\skiplength=\skip91
\algomargin=\skip92
\skipalgocfslide=\skip93
\algowidth=\dimen331
\inoutsize=\dimen332
\inoutindent=\dimen333
\interspacetitleruled=\dimen334
\interspacealgoruled=\dimen335
\interspacetitleboxruled=\dimen336
\algocf@ruledwidth=\skip94
\algocf@inoutbox=\box81
\algocf@inputbox=\box82
\AlCapSkip=\skip95
\AlCapHSkip=\skip96
\algoskipindent=\skip97
\algocf@nlbox=\box83
\algocf@hangingbox=\box84
\algocf@untilbox=\box85
\algocf@skipuntil=\skip98
\algocf@capbox=\box86
\algocf@lcaptionbox=\skip99
\algoheightruledefault=\skip100
\algoheightrule=\skip101
\algotitleheightruledefault=\skip102
\algotitleheightrule=\skip103
\c@algocfline=\count353
\c@algocfproc=\count354
\c@algocf=\count355
\algocf@algoframe=\box87
\algocf@algobox=\box88
)
(/usr/local/texlive/2019/texmf-dist/tex/latex/optidef/optidef.sty
Package: optidef 2019/04/23 - version=3.1, Package for defining optimization pr
oblems

(/usr/local/texlive/2019/texmf-dist/tex/latex/environ/environ.sty
Package: environ 2014/05/04 v0.3 A new way to define environments

(/usr/local/texlive/2019/texmf-dist/tex/latex/trimspaces/trimspaces.sty
Package: trimspaces 2009/09/17 v1.1 Trim spaces around a token list
))
(/usr/local/texlive/2019/texmf-dist/tex/latex/xifthen/xifthen.sty
Package: xifthen 2015/11/05 v1.4.0 Extended ifthen features

(/usr/local/texlive/2019/texmf-dist/tex/latex/ifmtarg/ifmtarg.sty
Package: ifmtarg 2018/04/16 v1.2b check for an empty argument
))
\widthInit=\skip104
)
(/usr/local/texlive/2019/texmf-dist/tex/latex/arydshln/arydshln.sty
Package: arydshln 2019/02/21 v1.76 
\dashlinedash=\dimen337
\dashlinegap=\dimen338
\adl@box=\box89
\adl@height=\dimen339
\adl@heightsave=\dimen340
\adl@depth=\dimen341
\adl@depthsave=\dimen342
\adl@finaldepth=\dimen343
\adl@columns=\count356
\adl@ncol=\count357
\adl@currentcolumn=\count358
\adl@currentcolumnsave=\count359
\adl@totalheight=\count360
\adl@totalheightsave=\count361
\adl@dash=\count362
\adl@gap=\count363
\adl@cla=\count364
\adl@clb=\count365
\adl@everyvbox=\toks57
\adl@LTpagetotal=\dimen344
)
(/usr/local/texlive/2019/texmf-dist/tex/latex/tools/multicol.sty
Package: multicol 2018/12/27 v1.8v multicolumn formatting (FMi)
\c@tracingmulticols=\count366
\mult@box=\box90
\multicol@leftmargin=\dimen345
\c@unbalance=\count367
\c@collectmore=\count368
\doublecol@number=\count369
\multicoltolerance=\count370
\multicolpretolerance=\count371
\full@width=\dimen346
\page@free=\dimen347
\premulticols=\dimen348
\postmulticols=\dimen349
\multicolsep=\skip105
\multicolbaselineskip=\skip106
\partial@page=\box91
\last@line=\box92
\maxbalancingoverflow=\dimen350
\mult@rightbox=\box93
\mult@grightbox=\box94
\mult@gfirstbox=\box95
\mult@firstbox=\box96
\@tempa=\box97
\@tempa=\box98
\@tempa=\box99
\@tempa=\box100
\@tempa=\box101
\@tempa=\box102
\@tempa=\box103
\@tempa=\box104
\@tempa=\box105
\@tempa=\box106
\@tempa=\box107
\@tempa=\box108
\@tempa=\box109
\@tempa=\box110
\@tempa=\box111
\@tempa=\box112
\@tempa=\box113
\c@columnbadness=\count372
\c@finalcolumnbadness=\count373
\last@try=\dimen351
\multicolovershoot=\dimen352
\multicolundershoot=\dimen353
\mult@nat@firstbox=\box114
\colbreak@box=\box115
\mc@col@check@num=\count374
)
(/usr/local/texlive/2019/texmf-dist/tex/latex/float/float.sty
Package: float 2001/11/08 v1.3d Float enhancements (AL)
\c@float@type=\count375
\float@exts=\toks58
\float@box=\box116
\@float@everytoks=\toks59
\@floatcapt=\box117
)
\c@proposition=\count376
\c@remark=\count377
\c@assumption=\count378
Package csquotes Info: Checking for multilingual support...
Package csquotes Info: ... none found.

(./Lee21MBFPCA.aux

LaTeX Warning: Label `fig:original' multiply defined.


LaTeX Warning: Label `sub@fig:original' multiply defined.


LaTeX Warning: Label `fig:PCA' multiply defined.


LaTeX Warning: Label `sub@fig:PCA' multiply defined.


LaTeX Warning: Label `fig:FPCA' multiply defined.


LaTeX Warning: Label `sub@fig:FPCA' multiply defined.


LaTeX Warning: Label `fig:ours' multiply defined.


LaTeX Warning: Label `sub@fig:ours' multiply defined.


LaTeX Warning: Label `fig:exp1-1' multiply defined.


LaTeX Warning: Label `fig:runtime' multiply defined.


LaTeX Warning: Label `fig:original' multiply defined.


LaTeX Warning: Label `sub@fig:original' multiply defined.


LaTeX Warning: Label `fig:PCA' multiply defined.


LaTeX Warning: Label `sub@fig:PCA' multiply defined.

)
\openout1 = `Lee21MBFPCA.aux'.

LaTeX Font Info:    Checking defaults for OML/cmm/m/it on input line 110.
LaTeX Font Info:    ... okay on input line 110.
LaTeX Font Info:    Checking defaults for T1/cmr/m/n on input line 110.
LaTeX Font Info:    ... okay on input line 110.
LaTeX Font Info:    Checking defaults for OT1/cmr/m/n on input line 110.
LaTeX Font Info:    ... okay on input line 110.
LaTeX Font Info:    Checking defaults for OMS/cmsy/m/n on input line 110.
LaTeX Font Info:    ... okay on input line 110.
LaTeX Font Info:    Checking defaults for OMX/cmex/m/n on input line 110.
LaTeX Font Info:    ... okay on input line 110.
LaTeX Font Info:    Checking defaults for U/cmr/m/n on input line 110.
LaTeX Font Info:    ... okay on input line 110.
LaTeX Font Info:    Checking defaults for PD1/pdf/m/n on input line 110.
LaTeX Font Info:    ... okay on input line 110.
LaTeX Font Info:    Checking defaults for LUC/nanummj/m/n on input line 110.
LaTeX Font Info:    Try loading font information for LUC+nanummj on input line 
110.
 (/usr/local/texlive/2019/texmf-dist/tex/latex/nanumtype1/lucnanummj.fd
File: lucnanummj.fd 2013/02/12 v0.1 Nanum Myeongjo font definitions
)
LaTeX Font Info:    ... okay on input line 110.

*geometry* driver: auto-detecting
*geometry* detected driver: pdftex
*geometry* verbose mode - [ preamble ] result:
* driver: pdftex
* paper: custom
* layout: <same size as paper>
* layoutoffset:(h,v)=(0.0pt,0.0pt)
* modes: includehead includefoot 
* h-part:(L,W,R)=(10.95003pt, 342.2953pt, 10.95003pt)
* v-part:(T,H,B)=(0.0pt, 273.14662pt, 0.0pt)
* \paperwidth=364.19536pt
* \paperheight=273.14662pt
* \textwidth=342.2953pt
* \textheight=244.6939pt
* \oddsidemargin=-61.31996pt
* \evensidemargin=-61.31996pt
* \topmargin=-72.26999pt
* \headheight=14.22636pt
* \headsep=0.0pt
* \topskip=11.0pt
* \footskip=14.22636pt
* \marginparwidth=4.0pt
* \marginparsep=10.0pt
* \columnsep=10.0pt
* \skip\footins=10.0pt plus 4.0pt minus 2.0pt
* \hoffset=0.0pt
* \voffset=0.0pt
* \mag=1000
* \@twocolumnfalse
* \@twosidefalse
* \@mparswitchfalse
* \@reversemarginfalse
* (1in=72.27pt=25.4mm, 1cm=28.453pt)

(/usr/local/texlive/2019/texmf-dist/tex/context/base/mkii/supp-pdf.mkii
[Loading MPS to PDF converter (version 2006.09.02).]
\scratchcounter=\count379
\scratchdimen=\dimen354
\scratchbox=\box118
\nofMPsegments=\count380
\nofMParguments=\count381
\everyMPshowfont=\toks60
\MPscratchCnt=\count382
\MPscratchDim=\dimen355
\MPnumerator=\count383
\makeMPintoPDFobject=\count384
\everyMPtoPDFconversion=\toks61
) (/usr/local/texlive/2019/texmf-dist/tex/latex/oberdiek/epstopdf-base.sty
Package: epstopdf-base 2016/05/15 v2.6 Base part for package epstopdf

(/usr/local/texlive/2019/texmf-dist/tex/latex/oberdiek/grfext.sty
Package: grfext 2016/05/16 v1.2 Manage graphics extensions (HO)
)
Package epstopdf-base Info: Redefining graphics rule for `.eps' on input line 4
38.
Package grfext Info: Graphics extension search list:
(grfext)             [.pdf,.png,.jpg,.mps,.jpeg,.jbig2,.jb2,.PDF,.PNG,.JPG,.JPE
G,.JBIG2,.JB2,.eps]
(grfext)             \AppendGraphicsExtensions on input line 456.

(/usr/local/texlive/2019/texmf-dist/tex/latex/latexconfig/epstopdf-sys.cfg
File: epstopdf-sys.cfg 2010/07/13 v1.3 Configuration of (r)epstopdf for TeX Liv
e
))
ABD: EveryShipout initializing macros
\AtBeginShipoutBox=\box119
Package hyperref Info: Link coloring OFF on input line 110.

(/usr/local/texlive/2019/texmf-dist/tex/latex/hyperref/nameref.sty
Package: nameref 2016/05/21 v2.44 Cross-referencing by name of section

(/usr/local/texlive/2019/texmf-dist/tex/generic/oberdiek/gettitlestring.sty
Package: gettitlestring 2016/05/16 v1.5 Cleanup title references (HO)
)
\c@section@level=\count385
)
LaTeX Info: Redefining \ref on input line 110.
LaTeX Info: Redefining \pageref on input line 110.
LaTeX Info: Redefining \nameref on input line 110.

(./Lee21MBFPCA.out) (./Lee21MBFPCA.out)
\@outlinefile=\write5
\openout5 = `Lee21MBFPCA.out'.

LaTeX Font Info:    Overwriting symbol font `operators' in version `normal'
(Font)                  OT1/cmr/m/n --> OT1/cmss/m/n on input line 110.
LaTeX Font Info:    Overwriting symbol font `operators' in version `bold'
(Font)                  OT1/cmr/bx/n --> OT1/cmss/bx/n on input line 110.
\symnumbers=\mathgroup12
LaTeX Font Info:    Redeclaring symbol font `pureletters' on input line 110.
LaTeX Font Info:    Overwriting symbol font `pureletters' in version `normal'
(Font)                  OT1/mathkerncmss/m/sl --> OT1/cmss/m/it on input line 1
10.
LaTeX Font Info:    Overwriting symbol font `pureletters' in version `bold'
(Font)                  OT1/mathkerncmss/bx/sl --> OT1/cmss/m/it on input line 
110.
LaTeX Font Info:    Overwriting math alphabet `\mathrm' in version `normal'
(Font)                  OT1/cmss/m/n --> OT1/cmr/m/n on input line 110.
LaTeX Font Info:    Redeclaring math alphabet \mathbf on input line 110.
LaTeX Font Info:    Redeclaring math alphabet \mathsf on input line 110.
LaTeX Font Info:    Overwriting math alphabet `\mathsf' in version `normal'
(Font)                  OT1/cmss/m/n --> OT1/cmss/m/n on input line 110.
LaTeX Font Info:    Overwriting math alphabet `\mathsf' in version `bold'
(Font)                  OT1/cmss/bx/n --> OT1/cmss/m/n on input line 110.
LaTeX Font Info:    Redeclaring math alphabet \mathit on input line 110.
LaTeX Font Info:    Overwriting math alphabet `\mathit' in version `normal'
(Font)                  OT1/cmr/m/it --> OT1/cmss/m/it on input line 110.
LaTeX Font Info:    Overwriting math alphabet `\mathit' in version `bold'
(Font)                  OT1/cmr/bx/it --> OT1/cmss/m/it on input line 110.
LaTeX Font Info:    Redeclaring math alphabet \mathtt on input line 110.
LaTeX Font Info:    Overwriting math alphabet `\mathtt' in version `normal'
(Font)                  OT1/cmtt/m/n --> OT1/cmtt/m/n on input line 110.
LaTeX Font Info:    Overwriting math alphabet `\mathtt' in version `bold'
(Font)                  OT1/cmtt/m/n --> OT1/cmtt/m/n on input line 110.
LaTeX Font Info:    Overwriting symbol font `numbers' in version `bold'
(Font)                  OT1/cmss/m/n --> OT1/cmss/bx/n on input line 110.
LaTeX Font Info:    Overwriting symbol font `pureletters' in version `bold'
(Font)                  OT1/cmss/m/it --> OT1/cmss/bx/it on input line 110.
LaTeX Font Info:    Overwriting math alphabet `\mathrm' in version `bold'
(Font)                  OT1/cmss/bx/n --> OT1/cmr/bx/n on input line 110.
LaTeX Font Info:    Overwriting math alphabet `\mathbf' in version `bold'
(Font)                  OT1/cmss/bx/n --> OT1/cmss/bx/n on input line 110.
LaTeX Font Info:    Overwriting math alphabet `\mathsf' in version `bold'
(Font)                  OT1/cmss/m/n --> OT1/cmss/bx/n on input line 110.
LaTeX Font Info:    Overwriting math alphabet `\mathit' in version `bold'
(Font)                  OT1/cmss/m/it --> OT1/cmss/bx/it on input line 110.
LaTeX Font Info:    Overwriting math alphabet `\mathtt' in version `bold'
(Font)                  OT1/cmtt/m/n --> OT1/cmtt/bx/n on input line 110.
LaTeX Font Info:    Redeclaring symbol font `pureletters' on input line 110.
LaTeX Font Info:    Overwriting symbol font `pureletters' in version `normal'
(Font)                  OT1/cmss/m/it --> OT1/mathkerncmss/m/sl on input line 1
10.
LaTeX Font Info:    Overwriting symbol font `pureletters' in version `bold'
(Font)                  OT1/cmss/bx/it --> OT1/mathkerncmss/m/sl on input line 
110.
LaTeX Font Info:    Overwriting symbol font `pureletters' in version `bold'
(Font)                  OT1/mathkerncmss/m/sl --> OT1/mathkerncmss/bx/sl on inp
ut line 110.

(/usr/local/texlive/2019/texmf-dist/tex/latex/translator/translator-basic-dicti
onary-English.dict
Dictionary: translator-basic-dictionary, Language: English 
)
(/usr/local/texlive/2019/texmf-dist/tex/latex/translator/translator-bibliograph
y-dictionary-English.dict
Dictionary: translator-bibliography-dictionary, Language: English 
)
(/usr/local/texlive/2019/texmf-dist/tex/latex/translator/translator-environment
-dictionary-English.dict
Dictionary: translator-environment-dictionary, Language: English 
)
(/usr/local/texlive/2019/texmf-dist/tex/latex/translator/translator-months-dict
ionary-English.dict
Dictionary: translator-months-dictionary, Language: English 
)
(/usr/local/texlive/2019/texmf-dist/tex/latex/translator/translator-numbers-dic
tionary-English.dict
Dictionary: translator-numbers-dictionary, Language: English 
)
(/usr/local/texlive/2019/texmf-dist/tex/latex/translator/translator-theorem-dic
tionary-English.dict
Dictionary: translator-theorem-dictionary, Language: English 
)
Package caption Info: Begin \AtBeginDocument code.
Package caption Info: float package is loaded.
Package caption Info: End \AtBeginDocument code.
 ABD: EverySelectfont initializing macros
LaTeX Info: Redefining \selectfont on input line 110.


Package microtype Warning: Command \pickup@font is not defined as expected.
(microtype)                Patching it anyway. Some things may break.
(microtype)                Double-check whether micro-typography is indeed
(microtype)                applied to the document.
(microtype)                (Hint: Turn on `verbose' mode).

LaTeX Info: Redefining \microtypecontext on input line 110.
Package microtype Info: Generating PDF output.
Package microtype Info: Character protrusion enabled (level 2).
Package microtype Info: Using default protrusion set `alltext'.
Package microtype Info: Automatic font expansion enabled (level 2),
(microtype)             stretch: 20, shrink: 20, step: 1, non-selected.
Package microtype Info: Using default expansion set `basictext'.
Package microtype Info: No adjustment of tracking.
Package microtype Info: No adjustment of interword spacing.
Package microtype Info: No adjustment of character kerning.
Package microtype Info: Loading generic protrusion settings for font family
(microtype)             `cmss' (encoding: OT1).
(microtype)             For optimal results, create family-specific settings.
(microtype)             See the microtype manual for details.
(./Lee21MBFPCA.nav)
Overfull \hbox (0.69916pt too wide) in paragraph at lines 110--110
 [][]|  []\OT1/cmss/m/n/6 0/74|  
 []

LaTeX Font Info:    Try loading font information for U+msa on input line 111.
(/usr/local/texlive/2019/texmf-dist/tex/latex/amsfonts/umsa.fd
File: umsa.fd 2013/01/14 v3.01 AMS symbols A
)
(/usr/local/texlive/2019/texmf-dist/tex/latex/microtype/mt-msa.cfg
File: mt-msa.cfg 2006/02/04 v1.1 microtype config. file: AMS symbols (a) (RS)
)
LaTeX Font Info:    Try loading font information for U+msb on input line 111.

(/usr/local/texlive/2019/texmf-dist/tex/latex/amsfonts/umsb.fd
File: umsb.fd 2013/01/14 v3.01 AMS symbols B
)
(/usr/local/texlive/2019/texmf-dist/tex/latex/microtype/mt-msb.cfg
File: mt-msb.cfg 2005/06/01 v1.0 microtype config. file: AMS symbols (b) (RS)
)
LaTeX Font Info:    Try loading font information for U+rsfs on input line 111.

(/usr/local/texlive/2019/texmf-dist/tex/latex/jknapltx/ursfs.fd
File: ursfs.fd 1998/03/24 rsfs font definition file (jk)
)
LaTeX Font Info:    Try loading font information for OT1+mathkerncmss on input 
line 111.

(/usr/local/texlive/2019/texmf-dist/tex/latex/sansmathaccent/ot1mathkerncmss.fd
File: ot1mathkerncmss.fd 2013/03/27 Fontinst v1.933 font definitions for OT1/ma
thkerncmss.
)
Package microtype Info: Loading generic protrusion settings for font family
(microtype)             `mathkerncmss' (encoding: OT1).
(microtype)             For optimal results, create family-specific settings.
(microtype)             See the microtype manual for details.
 (/usr/local/texlive/2019/texmf-dist/tex/latex/microtype/mt-cmr.cfg
File: mt-cmr.cfg 2013/05/19 v2.2 microtype config. file: Computer Modern Roman 
(RS)
)
Overfull \hbox (0.69916pt too wide) has occurred while \output is active
 [][]|  []\OT1/cmss/m/n/6 1/74|  
 []

[1

{/usr/local/texlive/2019/texmf-var/fonts/map/pdftex/updmap/pdftex.map}]
(./Lee21MBFPCA.toc) (./Lee21MBFPCA.toc)
Overfull \hbox (0.69916pt too wide) has occurred while \output is active
 [][]|  []\OT1/cmss/m/n/6 2/74|  
 []

[2

]
Overfull \hbox (0.69916pt too wide) has occurred while \output is active
 [][]|  []\OT1/cmss/m/n/6 2/74|  
 []

[3]
Overfull \hbox (0.69916pt too wide) has occurred while \output is active
 [][]|  []\OT1/cmss/m/n/6 3/74|  
 []

[4

]
Overfull \hbox (0.69916pt too wide) has occurred while \output is active
 [][]|  []\OT1/cmss/m/n/6 4/74|  
 []

[5

]
Overfull \hbox (0.69916pt too wide) has occurred while \output is active
 [][]|  []\OT1/cmss/m/n/6 5/74|  
 []

[6

]
Overfull \hbox (0.69916pt too wide) has occurred while \output is active
 [][]|  []\OT1/cmss/m/n/6 6/74|  
 []

[7

] (./Lee21MBFPCA.toc)
Overfull \hbox (0.69916pt too wide) has occurred while \output is active
 [][]|  []\OT1/cmss/m/n/6 7/74|  
 []

[8

]
Overfull \hbox (0.69916pt too wide) has occurred while \output is active
 [][]|  []\OT1/cmss/m/n/6 8/74|  
 []

[9

]
<figures/comp.png, id=512, 848.9316pt x 301.125pt>
File: figures/comp.png Graphic file (type png)
<use figures/comp.png>
Package pdftex.def Info: figures/comp.png  used on input line 221.
(pdftex.def)             Requested size: 342.2953pt x 121.41736pt.

Overfull \hbox (0.69916pt too wide) has occurred while \output is active
 [][]|  []\OT1/cmss/m/n/6 9/74|  
 []

[10

 <./figures/comp.png>]
Overfull \hbox (3.8867pt too wide) has occurred while \output is active
 [][]|  []\OT1/cmss/m/n/6 10/74|  
 []

[11

]
<figure2.png, id=589, 998.9822pt x 307.1475pt>
File: figure2.png Graphic file (type png)
<use figure2.png>
Package pdftex.def Info: figure2.png  used on input line 256.
(pdftex.def)             Requested size: 342.2953pt x 105.23956pt.

Overfull \hbox (3.8867pt too wide) has occurred while \output is active
 [][]|  []\OT1/cmss/m/n/6 11/74|  
 []

[12

 <./figure2.png (PNG copy)>]
Overfull \hbox (3.8867pt too wide) has occurred while \output is active
 [][]|  []\OT1/cmss/m/n/6 12/74|  
 []

[13

]
Overfull \hbox (3.8867pt too wide) has occurred while \output is active
 [][]|  []\OT1/cmss/m/n/6 13/74|  
 []

[14

]
LaTeX Font Info:    Try loading font information for U+bbm on input line 328.
 (/usr/local/texlive/2019/texmf-dist/tex/latex/bbm-macros/ubbm.fd
File: ubbm.fd 1999/03/15 V 1.2 Font definition for bbm font - TH
)
Overfull \hbox (3.8867pt too wide) has occurred while \output is active
 [][]|  []\OT1/cmss/m/n/6 14/74|  
 []

[15

]
<sdp.png, id=730, 637.63219pt x 482.55281pt>
File: sdp.png Graphic file (type png)
<use sdp.png>
Package pdftex.def Info: sdp.png  used on input line 341.
(pdftex.def)             Requested size: 192.23909pt x 145.48117pt.

Overfull \hbox (3.8867pt too wide) has occurred while \output is active
 [][]|  []\OT1/cmss/m/n/6 15/74|  
 []

[16

 <./sdp.png (PNG copy)>] (./Lee21MBFPCA.toc)
Overfull \hbox (3.8867pt too wide) has occurred while \output is active
 [][]|  []\OT1/cmss/m/n/6 16/74|  
 []

[17

]
Overfull \hbox (3.8867pt too wide) has occurred while \output is active
 [][]|  []\OT1/cmss/m/n/6 17/74|  
 []

[18

] (./Lee21MBFPCA.toc)
Overfull \hbox (3.8867pt too wide) has occurred while \output is active
 [][]|  []\OT1/cmss/m/n/6 18/74|  
 []

[19

]
Overfull \hbox (3.8867pt too wide) has occurred while \output is active
 [][]|  []\OT1/cmss/m/n/6 19/74|  
 []

[20

]
Overfull \hbox (3.8867pt too wide) has occurred while \output is active
 [][]|  []\OT1/cmss/m/n/6 20/74|  
 []

[21

] (./Lee21MBFPCA.toc)
Overfull \hbox (3.8867pt too wide) has occurred while \output is active
 [][]|  []\OT1/cmss/m/n/6 21/74|  
 []

[22

]
Overfull \hbox (3.8867pt too wide) has occurred while \output is active
 [][]|  []\OT1/cmss/m/n/6 22/74|  
 []

[23

]
Overfull \hbox (3.8867pt too wide) has occurred while \output is active
 [][]|  []\OT1/cmss/m/n/6 23/74|  
 []

[24

]
<figures/exp1-2/runtime.pdf, id=1101, 433.62pt x 433.62pt>
File: figures/exp1-2/runtime.pdf Graphic file (type pdf)
<use figures/exp1-2/runtime.pdf>
Package pdftex.def Info: figures/exp1-2/runtime.pdf  used on input line 429.
(pdftex.def)             Requested size: 171.14764pt x 171.149pt.

Overfull \hbox (3.8867pt too wide) has occurred while \output is active
 [][]|  []\OT1/cmss/m/n/6 24/74|  
 []

[25

 <./figures/exp1-2/runtime.pdf>]
<figures/exp1-1/original.png, id=1140, 1124.2pt x 843.15pt>
File: figures/exp1-1/original.png Graphic file (type png)
<use figures/exp1-1/original.png>
Package pdftex.def Info: figures/exp1-1/original.png  used on input line 461.
(pdftex.def)             Requested size: 82.15274pt x 61.61247pt.
<figures/exp1-1/pca.png, id=1141, 1124.2pt x 843.15pt>
File: figures/exp1-1/pca.png Graphic file (type png)
<use figures/exp1-1/pca.png>
Package pdftex.def Info: figures/exp1-1/pca.png  used on input line 461.
(pdftex.def)             Requested size: 82.15274pt x 61.61247pt.
<figures/exp1-1/fpca.png, id=1142, 1124.2pt x 843.15pt>
File: figures/exp1-1/fpca.png Graphic file (type png)
<use figures/exp1-1/fpca.png>
Package pdftex.def Info: figures/exp1-1/fpca.png  used on input line 461.
(pdftex.def)             Requested size: 82.15274pt x 61.61247pt.


LaTeX Font Warning: Font shape `OT1/cmss/m/sc' in size <9> not available
(Font)              Font shape `OT1/cmr/m/sc' tried instead on input line 461.

<figures/exp1-1/mbfpca.png, id=1145, 1124.2pt x 843.15pt>
File: figures/exp1-1/mbfpca.png Graphic file (type png)
<use figures/exp1-1/mbfpca.png>
Package pdftex.def Info: figures/exp1-1/mbfpca.png  used on input line 461.
(pdftex.def)             Requested size: 82.15274pt x 61.61247pt.

LaTeX Font Warning: Font shape `OT1/cmss/m/sc' in size <10> not available
(Font)              Font shape `OT1/cmr/m/sc' tried instead on input line 461.


Overfull \hbox (3.8867pt too wide) has occurred while \output is active
 [][]|  []\OT1/cmss/m/n/6 25/74|  
 []

[26

 <./figures/exp1-1/original.png (PNG copy)> <./figures/exp1-1/pca.png (PNG copy
)> <./figures/exp1-1/fpca.png (PNG copy)> <./figures/exp1-1/mbfpca.png (PNG cop
y)>]

Package hyperref Warning: Token not allowed in a PDF string (PDFDocEncoding):
(hyperref)                removing `math shift' on input line 466.


Package hyperref Warning: Token not allowed in a PDF string (PDFDocEncoding):
(hyperref)                removing `\Delta' on input line 466.


Package hyperref Warning: Token not allowed in a PDF string (PDFDocEncoding):
(hyperref)                removing `math shift' on input line 466.

(./Lee21MBFPCA.toc)
Overfull \hbox (3.8867pt too wide) has occurred while \output is active
 [][]|  []\OT1/cmss/m/n/6 26/74|  
 []

[27

]
Overfull \hbox (3.8867pt too wide) has occurred while \output is active
 [][]|  []\OT1/cmss/m/n/6 27/74|  
 []

[28

]
Overfull \hbox (3.8867pt too wide) has occurred while \output is active
 [][]|  []\OT1/cmss/m/n/6 28/74|  
 []

[29

]
Overfull \hbox (3.8867pt too wide) has occurred while \output is active
 [][]|  []\OT1/cmss/m/n/6 29/74|  
 []

[30

]
Overfull \hbox (3.8867pt too wide) has occurred while \output is active
 [][]|  []\OT1/cmss/m/n/6 30/74|  
 []

[31

]
Overfull \hbox (3.8867pt too wide) has occurred while \output is active
 [][]|  []\OT1/cmss/m/n/6 31/74|  
 []

[32

]
Overfull \hbox (3.8867pt too wide) has occurred while \output is active
 [][]|  []\OT1/cmss/m/n/6 32/74|  
 []

[33

]
Overfull \hbox (3.8867pt too wide) has occurred while \output is active
 [][]|  []\OT1/cmss/m/n/6 33/74|  
 []

[34

] (./Lee21MBFPCA.toc)
Overfull \hbox (3.8867pt too wide) has occurred while \output is active
 [][]|  []\OT1/cmss/m/n/6 34/74|  
 []

[35

]
Overfull \hbox (3.8867pt too wide) has occurred while \output is active
 [][]|  []\OT1/cmss/m/n/6 35/74|  
 []

[36

]
Overfull \hbox (3.8867pt too wide) has occurred while \output is active
 [][]|  []\OT1/cmss/m/n/6 36/74|  
 []

[37

]
Overfull \hbox (3.8867pt too wide) has occurred while \output is active
 [][]|  []\OT1/cmss/m/n/6 37/74|  
 []

[38

]
Overfull \hbox (3.8867pt too wide) has occurred while \output is active
 [][]|  []\OT1/cmss/m/n/6 38/74|  
 []

[39

]
Overfull \hbox (3.8867pt too wide) has occurred while \output is active
 [][]|  []\OT1/cmss/m/n/6 39/74|  
 []

[40

]
Overfull \hbox (3.8867pt too wide) has occurred while \output is active
 [][]|  []\OT1/cmss/m/n/6 40/74|  
 []

[41

]
<mbfpca-1.png, id=1810, 424.58624pt x 274.77657pt>
File: mbfpca-1.png Graphic file (type png)
<use mbfpca-1.png>
Package pdftex.def Info: mbfpca-1.png  used on input line 711.
(pdftex.def)             Requested size: 167.72658pt x 108.54602pt.
<mbfpca-2.png, id=1812, 419.31656pt x 249.93375pt>
File: mbfpca-2.png Graphic file (type png)
<use mbfpca-2.png>
Package pdftex.def Info: mbfpca-2.png  used on input line 711.
(pdftex.def)             Requested size: 167.72658pt x 99.97173pt.

Overfull \hbox (3.8867pt too wide) has occurred while \output is active
 [][]|  []\OT1/cmss/m/n/6 41/74|  
 []

[42

 <./mbfpca-1.png> <./mbfpca-2.png>]
Overfull \hbox (3.8867pt too wide) has occurred while \output is active
 [][]|  []\OT1/cmss/m/n/6 42/74|  
 []

[43

]
Overfull \hbox (3.8867pt too wide) has occurred while \output is active
 [][]|  []\OT1/cmss/m/n/6 43/74|  
 []

[44

]
Overfull \hbox (3.8867pt too wide) has occurred while \output is active
 [][]|  []\OT1/cmss/m/n/6 44/74|  
 []

[45

]
Overfull \hbox (3.8867pt too wide) has occurred while \output is active
 [][]|  []\OT1/cmss/m/n/6 45/74|  
 []

[46

]
Overfull \hbox (3.8867pt too wide) has occurred while \output is active
 [][]|  []\OT1/cmss/m/n/6 46/74|  
 []

[47

]
Overfull \hbox (3.8867pt too wide) has occurred while \output is active
 [][]|  []\OT1/cmss/m/n/6 47/74|  
 []

[48

]
Overfull \hbox (3.8867pt too wide) has occurred while \output is active
 [][]|  []\OT1/cmss/m/n/6 48/74|  
 []

[49

] (./Lee21MBFPCA.toc)
Overfull \hbox (3.8867pt too wide) has occurred while \output is active
 [][]|  []\OT1/cmss/m/n/6 49/74|  
 []

[50

]
File: figures/exp1-1/original.png Graphic file (type png)
<use figures/exp1-1/original.png>
Package pdftex.def Info: figures/exp1-1/original.png  used on input line 865.
(pdftex.def)             Requested size: 82.15274pt x 61.61247pt.
pdfTeX warning (ext4): destination with the same identifier (name{fig:original}
) has been already used, duplicate ignored
<to be read again> 
                   \relax 
l.865 \end{frame}
                 pdfTeX warning (ext4): destination with the same identifier (n
ame{sub@fig:original}) has been already used, duplicate ignored
<to be read again> 
                   \relax 
l.865 \end{frame}
                 
File: figures/exp1-1/pca.png Graphic file (type png)
<use figures/exp1-1/pca.png>
Package pdftex.def Info: figures/exp1-1/pca.png  used on input line 865.
(pdftex.def)             Requested size: 82.15274pt x 61.61247pt.
pdfTeX warning (ext4): destination with the same identifier (name{fig:PCA}) has
 been already used, duplicate ignored
<to be read again> 
                   \relax 
l.865 \end{frame}
                 pdfTeX warning (ext4): destination with the same identifier (n
ame{sub@fig:PCA}) has been already used, duplicate ignored
<to be read again> 
                   \relax 
l.865 \end{frame}
                 
File: figures/exp1-1/fpca.png Graphic file (type png)
<use figures/exp1-1/fpca.png>
Package pdftex.def Info: figures/exp1-1/fpca.png  used on input line 865.
(pdftex.def)             Requested size: 82.15274pt x 61.61247pt.
pdfTeX warning (ext4): destination with the same identifier (name{fig:FPCA}) ha
s been already used, duplicate ignored
<to be read again> 
                   \relax 
l.865 \end{frame}
                 pdfTeX warning (ext4): destination with the same identifier (n
ame{sub@fig:FPCA}) has been already used, duplicate ignored
<to be read again> 
                   \relax 
l.865 \end{frame}
                 
File: figures/exp1-1/mbfpca.png Graphic file (type png)
<use figures/exp1-1/mbfpca.png>
Package pdftex.def Info: figures/exp1-1/mbfpca.png  used on input line 865.
(pdftex.def)             Requested size: 82.15274pt x 61.61247pt.
pdfTeX warning (ext4): destination with the same identifier (name{fig:ours}) ha
s been already used, duplicate ignored
<to be read again> 
                   \relax 
l.865 \end{frame}
                 pdfTeX warning (ext4): destination with the same identifier (n
ame{sub@fig:ours}) has been already used, duplicate ignored
<to be read again> 
                   \relax 
l.865 \end{frame}
                 pdfTeX warning (ext4): destination with the same identifier (n
ame{fig:exp1-1}) has been already used, duplicate ignored
<to be read again> 
                   \relax 
l.865 \end{frame}
                 
Overfull \hbox (3.8867pt too wide) has occurred while \output is active
 [][]|  []\OT1/cmss/m/n/6 50/74|  
 []

[51

]
Overfull \hbox (3.8867pt too wide) has occurred while \output is active
 [][]|  []\OT1/cmss/m/n/6 51/74|  
 []

[52

]
<figures/exp1-2/varexp.pdf, id=2244, 433.62pt x 433.62pt>
File: figures/exp1-2/varexp.pdf Graphic file (type pdf)
<use figures/exp1-2/varexp.pdf>
Package pdftex.def Info: figures/exp1-2/varexp.pdf  used on input line 893.
(pdftex.def)             Requested size: 167.72658pt x 167.72827pt.
<figures/exp1-2/mmd.pdf, id=2245, 433.62pt x 433.62pt>
File: figures/exp1-2/mmd.pdf Graphic file (type pdf)
<use figures/exp1-2/mmd.pdf>
Package pdftex.def Info: figures/exp1-2/mmd.pdf  used on input line 893.
(pdftex.def)             Requested size: 167.72658pt x 167.72827pt.

Overfull \vbox (1.7185pt too high) detected at line 893
 []


Overfull \hbox (3.8867pt too wide) has occurred while \output is active
 [][]|  []\OT1/cmss/m/n/6 52/74|  
 []

[53

 <./figures/exp1-2/varexp.pdf> <./figures/exp1-2/mmd.pdf>]
File: figures/exp1-2/runtime.pdf Graphic file (type pdf)
<use figures/exp1-2/runtime.pdf>
Package pdftex.def Info: figures/exp1-2/runtime.pdf  used on input line 903.
(pdftex.def)             Requested size: 171.14764pt x 171.149pt.
pdfTeX warning (ext4): destination with the same identifier (name{fig:runtime})
 has been already used, duplicate ignored
<to be read again> 
                   \relax 
l.903 \end{frame}
                 
Overfull \hbox (3.8867pt too wide) has occurred while \output is active
 [][]|  []\OT1/cmss/m/n/6 53/74|  
 []

[54

]
Overfull \hbox (3.8867pt too wide) has occurred while \output is active
 [][]|  []\OT1/cmss/m/n/6 54/74|  
 []

[55

]
Overfull \hbox (3.8867pt too wide) has occurred while \output is active
 [][]|  []\OT1/cmss/m/n/6 55/74|  
 []

[56

]
<table.png, id=2408, 847.66687pt x 279.29344pt>
File: table.png Graphic file (type png)
<use table.png>
Package pdftex.def Info: table.png  used on input line 960.
(pdftex.def)             Requested size: 342.2953pt x 112.7808pt.


LaTeX Font Warning: Font shape `OT1/cmss/m/sc' in size <10.95> not available
(Font)              Font shape `OT1/cmr/m/sc' tried instead on input line 960.


Overfull \hbox (3.8867pt too wide) has occurred while \output is active
 [][]|  []\OT1/cmss/m/n/6 56/74|  
 []

[57

 <./table.png>]
Overfull \hbox (3.8867pt too wide) has occurred while \output is active
 [][]|  []\OT1/cmss/m/n/6 57/74|  
 []

[58

]
<figures/exp2-2/eda_german.png, id=2478, 3597.44pt x 2146.0175pt>
File: figures/exp2-2/eda_german.png Graphic file (type png)
<use figures/exp2-2/eda_german.png>
Package pdftex.def Info: figures/exp2-2/eda_german.png  used on input line 990.

(pdftex.def)             Requested size: 273.83728pt x 163.3348pt.

Overfull \hbox (3.8867pt too wide) has occurred while \output is active
 [][]|  []\OT1/cmss/m/n/6 58/74|  
 []

[59

 <./figures/exp2-2/eda_german.png (PNG copy)>]
Overfull \hbox (3.8867pt too wide) has occurred while \output is active
 [][]|  []\OT1/cmss/m/n/6 59/74|  
 []

[60

]
<figures/supp/german_fpca.pdf, id=2539, 519.9425pt x 419.5675pt>
File: figures/supp/german_fpca.pdf Graphic file (type pdf)
<use figures/supp/german_fpca.pdf>
Package pdftex.def Info: figures/supp/german_fpca.pdf  used on input line 1020.

(pdftex.def)             Requested size: 167.72658pt x 135.34628pt.
pdfTeX warning (ext4): destination with the same identifier (name{fig:original}
) has been already used, duplicate ignored
<to be read again> 
                   \relax 
l.1020 \end{frame}
                  pdfTeX warning (ext4): destination with the same identifier (
name{sub@fig:original}) has been already used, duplicate ignored
<to be read again> 
                   \relax 
l.1020 \end{frame}
                  
<figures/supp/german_stfpca.pdf, id=2542, 507.8975pt x 419.5675pt>
File: figures/supp/german_stfpca.pdf Graphic file (type pdf)
<use figures/supp/german_stfpca.pdf>
Package pdftex.def Info: figures/supp/german_stfpca.pdf  used on input line 102
0.
(pdftex.def)             Requested size: 167.72658pt x 138.55373pt.
pdfTeX warning (ext4): destination with the same identifier (name{fig:PCA}) has
 been already used, duplicate ignored
<to be read again> 
                   \relax 
l.1020 \end{frame}
                  pdfTeX warning (ext4): destination with the same identifier (
name{sub@fig:PCA}) has been already used, duplicate ignored
<to be read again> 
                   \relax 
l.1020 \end{frame}
                  
Overfull \hbox (3.8867pt too wide) has occurred while \output is active
 [][]|  []\OT1/cmss/m/n/6 60/74|  
 []

[61

 <./figures/supp/german_fpca.pdf> <./figures/supp/german_stfpca.pdf>]
(./Lee21MBFPCA.toc)
Overfull \hbox (3.8867pt too wide) has occurred while \output is active
 [][]|  []\OT1/cmss/m/n/6 61/74|  
 []

[62

]
Overfull \hbox (3.8867pt too wide) has occurred while \output is active
 [][]|  []\OT1/cmss/m/n/6 62/74|  
 []

[63

]
Overfull \hbox (3.8867pt too wide) has occurred while \output is active
 [][]|  []\OT1/cmss/m/n/6 63/74|  
 []

[64

]
Overfull \hbox (3.8867pt too wide) has occurred while \output is active
 [][]|  []\OT1/cmss/m/n/6 64/74|  
 []

[65

] (./Lee21MBFPCA.toc)
Overfull \hbox (3.8867pt too wide) has occurred while \output is active
 [][]|  []\OT1/cmss/m/n/6 65/74|  
 []

[66

] (./Lee21MBFPCA.bbl)
Overfull \hbox (3.8867pt too wide) has occurred while \output is active
 [][]|  []\OT1/cmss/m/n/6 66/74|  
 []

[67

 </usr/local/texlive/2019/texmf-dist/tex/latex/beamer/beamericonarticle.pdf>]
Overfull \hbox (3.8867pt too wide) has occurred while \output is active
 [][]|  []\OT1/cmss/m/n/6 67/74|  
 []

[68


]
Overfull \hbox (3.8867pt too wide) has occurred while \output is active
 [][]|  []\OT1/cmss/m/n/6 68/74|  
 []

[69


]
Overfull \hbox (3.8867pt too wide) has occurred while \output is active
 [][]|  []\OT1/cmss/m/n/6 69/74|  
 []

[70


]
Overfull \hbox (3.8867pt too wide) has occurred while \output is active
 [][]|  []\OT1/cmss/m/n/6 70/74|  
 []

[71


]
Overfull \hbox (3.8867pt too wide) has occurred while \output is active
 [][]|  []\OT1/cmss/m/n/6 71/74|  
 []

[72


]
Overfull \hbox (3.8867pt too wide) has occurred while \output is active
 [][]|  []\OT1/cmss/m/n/6 72/74|  
 []

[73


]
Overfull \hbox (3.8867pt too wide) has occurred while \output is active
 [][]|  []\OT1/cmss/m/n/6 73/74|  
 []

[74


]
Overfull \hbox (3.8867pt too wide) has occurred while \output is active
 [][]|  []\OT1/cmss/m/n/6 74/74|  
 []

[75


]
\tf@nav=\write6
\openout6 = `Lee21MBFPCA.nav'.

\tf@toc=\write7
\openout7 = `Lee21MBFPCA.toc'.

\tf@snm=\write8
\openout8 = `Lee21MBFPCA.snm'.

Package atveryend Info: Empty hook `BeforeClearDocument' on input line 1075.
Package atveryend Info: Empty hook `AfterLastShipout' on input line 1075.
 (./Lee21MBFPCA.aux)
Package atveryend Info: Executing hook `AtVeryEndDocument' on input line 1075.
Package atveryend Info: Executing hook `AtEndAfterFileList' on input line 1075.

Package rerunfilecheck Info: File `Lee21MBFPCA.out' has not changed.
(rerunfilecheck)             Checksum: 84BED79C509B163421C9C19342D20999;565.


LaTeX Warning: There were multiply-defined labels.

 ) 
Here is how much of TeX's memory you used:
 38291 strings out of 492616
 730372 string characters out of 6129481
 842885 words of memory out of 5000000
 41155 multiletter control sequences out of 15000+600000
 574274 words of font info for 199 fonts, out of 8000000 for 9000
 1141 hyphenation exceptions out of 8191
 56i,15n,74p,778b,923s stack positions out of 5000i,500n,10000p,200000b,80000s
 </Users/nicklee/Library/texlive/2019/texmf-var/fonts/pk/ljfour/public/bbm/bb
m10.600pk> </Users/nicklee/Library/texlive/2019/texmf-var/fonts/pk/ljfour/publi
c/bbm/bbm10.657pk></usr/local/texlive/2019/texmf-dist/fonts/type1/public/amsfon
ts/cm/cmbsy10.pfb></usr/local/texlive/2019/texmf-dist/fonts/type1/public/amsfon
ts/cm/cmcsc10.pfb></usr/local/texlive/2019/texmf-dist/fonts/type1/public/amsfon
ts/cm/cmex10.pfb></usr/local/texlive/2019/texmf-dist/fonts/type1/public/amsfont
s/cm/cmmi10.pfb></usr/local/texlive/2019/texmf-dist/fonts/type1/public/amsfonts
/cm/cmmi6.pfb></usr/local/texlive/2019/texmf-dist/fonts/type1/public/amsfonts/c
m/cmmi7.pfb></usr/local/texlive/2019/texmf-dist/fonts/type1/public/amsfonts/cm/
cmmi8.pfb></usr/local/texlive/2019/texmf-dist/fonts/type1/public/amsfonts/cm/cm
mi9.pfb></usr/local/texlive/2019/texmf-dist/fonts/type1/public/amsfonts/cm/cmss
10.pfb></usr/local/texlive/2019/texmf-dist/fonts/type1/public/amsfonts/cm/cmss1
2.pfb></usr/local/texlive/2019/texmf-dist/fonts/type1/public/amsfonts/cm/cmss8.
pfb></usr/local/texlive/2019/texmf-dist/fonts/type1/public/amsfonts/cm/cmss9.pf
b></usr/local/texlive/2019/texmf-dist/fonts/type1/public/amsfonts/cm/cmssbx10.p
fb></usr/local/texlive/2019/texmf-dist/fonts/type1/public/amsfonts/cm/cmssi10.p
fb></usr/local/texlive/2019/texmf-dist/fonts/type1/public/amsfonts/cm/cmssi12.p
fb></usr/local/texlive/2019/texmf-dist/fonts/type1/public/amsfonts/cm/cmssi8.pf
b></usr/local/texlive/2019/texmf-dist/fonts/type1/public/amsfonts/cm/cmssi9.pfb
></usr/local/texlive/2019/texmf-dist/fonts/type1/public/amsfonts/cm/cmsy10.pfb>
</usr/local/texlive/2019/texmf-dist/fonts/type1/public/amsfonts/cm/cmsy7.pfb></
usr/local/texlive/2019/texmf-dist/fonts/type1/public/amsfonts/cm/cmsy8.pfb></us
r/local/texlive/2019/texmf-dist/fonts/type1/public/amsfonts/cm/cmsy9.pfb></usr/
local/texlive/2019/texmf-dist/fonts/type1/public/amsfonts/symbols/msam10.pfb></
usr/local/texlive/2019/texmf-dist/fonts/type1/public/amsfonts/symbols/msam7.pfb
></usr/local/texlive/2019/texmf-dist/fonts/type1/public/amsfonts/symbols/msbm10
.pfb>
Output written on Lee21MBFPCA.pdf (75 pages, 2119191 bytes).
PDF statistics:
 3179 PDF objects out of 3580 (max. 8388607)
 2665 compressed objects within 27 object streams
 220 named destinations out of 1000 (max. 500000)
 42703 words of extra memory for PDF output out of 42996 (max. 10000000)

